Aug 22 08:21:23.103 INFO switched to configuration, config: Configuration { voters: Configuration { incoming: Configuration { voters: {1} }, outgoing: Configuration { voters: {} } }, learners: {}, learners_next: {}, auto_leave: false }, raft_id: 1, tag: meta-node-id=1
Aug 22 08:21:23.103 DEBG reset election timeout 0 -> 17 at 0, election_elapsed: 0, timeout: 17, prev_timeout: 0, raft_id: 1, tag: meta-node-id=1
Aug 22 08:21:23.103 INFO became follower at term 16, term: 16, raft_id: 1, tag: meta-node-id=1
Aug 22 08:21:23.103 INFO newRaft, peers: Configuration { incoming: Configuration { voters: {1} }, outgoing: Configuration { voters: {} } }, last term: 858, last index: 858, applied: 858, commit: 858, term: 16, raft_id: 1, tag: meta-node-id=1
Aug 22 08:21:23.104 INFO RawNode created with id 1., id: 1, raft_id: 1, tag: meta-node-id=1
Aug 22 08:21:24.836 INFO starting a new election, term: 16, raft_id: 1, tag: meta-node-id=1
Aug 22 08:21:24.836 DEBG reset election timeout 17 -> 16 at 0, election_elapsed: 0, timeout: 16, prev_timeout: 17, raft_id: 1, tag: meta-node-id=1
Aug 22 08:21:24.837 INFO became candidate at term 17, term: 17, raft_id: 1, tag: meta-node-id=1
Aug 22 08:21:24.837 DEBG reset election timeout 16 -> 17 at 0, election_elapsed: 0, timeout: 17, prev_timeout: 16, raft_id: 1, tag: meta-node-id=1
Aug 22 08:21:24.839 INFO became leader at term 17, term: 17, raft_id: 1, tag: meta-node-id=1
Aug 22 08:21:24.839 DEBG persisted index 859, raft_id: 1, tag: meta-node-id=1
Aug 22 08:21:24.839 DEBG committing index 859, index: 859, raft_id: 1, tag: meta-node-id=1
Aug 22 08:21:28.797 DEBG persisted index 860, raft_id: 1, tag: meta-node-id=1
Aug 22 08:21:28.797 DEBG committing index 860, index: 860, raft_id: 1, tag: meta-node-id=1
Aug 22 08:21:28.810 DEBG persisted index 861, raft_id: 1, tag: meta-node-id=1
Aug 22 08:21:28.810 DEBG committing index 861, index: 861, raft_id: 1, tag: meta-node-id=1
Aug 22 08:21:33.141 DEBG persisted index 862, raft_id: 1, tag: meta-node-id=1
Aug 22 08:21:33.142 DEBG committing index 862, index: 862, raft_id: 1, tag: meta-node-id=1
Aug 22 08:21:33.146 DEBG persisted index 863, raft_id: 1, tag: meta-node-id=1
Aug 22 08:21:33.146 DEBG committing index 863, index: 863, raft_id: 1, tag: meta-node-id=1
Aug 22 08:21:33.826 DEBG persisted index 864, raft_id: 1, tag: meta-node-id=1
Aug 22 08:21:33.826 DEBG committing index 864, index: 864, raft_id: 1, tag: meta-node-id=1
Aug 22 08:22:27.318 DEBG persisted index 865, raft_id: 1, tag: meta-node-id=1
Aug 22 08:22:27.318 DEBG committing index 865, index: 865, raft_id: 1, tag: meta-node-id=1
Aug 22 08:22:27.329 DEBG persisted index 866, raft_id: 1, tag: meta-node-id=1
Aug 22 08:22:27.329 DEBG committing index 866, index: 866, raft_id: 1, tag: meta-node-id=1
Aug 22 08:22:27.961 DEBG persisted index 867, raft_id: 1, tag: meta-node-id=1
Aug 22 08:22:27.961 DEBG committing index 867, index: 867, raft_id: 1, tag: meta-node-id=1
Aug 22 08:22:41.006 DEBG persisted index 868, raft_id: 1, tag: meta-node-id=1
Aug 22 08:22:41.006 DEBG committing index 868, index: 868, raft_id: 1, tag: meta-node-id=1
Aug 22 08:22:41.009 DEBG persisted index 869, raft_id: 1, tag: meta-node-id=1
Aug 22 08:22:41.009 DEBG committing index 869, index: 869, raft_id: 1, tag: meta-node-id=1
Aug 22 08:22:41.988 DEBG persisted index 870, raft_id: 1, tag: meta-node-id=1
Aug 22 08:22:41.988 DEBG committing index 870, index: 870, raft_id: 1, tag: meta-node-id=1
Aug 22 08:22:43.163 DEBG persisted index 871, raft_id: 1, tag: meta-node-id=1
Aug 22 08:22:43.163 DEBG committing index 871, index: 871, raft_id: 1, tag: meta-node-id=1
Aug 22 08:22:43.168 DEBG persisted index 872, raft_id: 1, tag: meta-node-id=1
Aug 22 08:22:43.168 DEBG committing index 872, index: 872, raft_id: 1, tag: meta-node-id=1
Aug 22 08:22:43.991 DEBG persisted index 873, raft_id: 1, tag: meta-node-id=1
Aug 22 08:22:43.991 DEBG committing index 873, index: 873, raft_id: 1, tag: meta-node-id=1
Aug 22 08:22:45.134 DEBG persisted index 874, raft_id: 1, tag: meta-node-id=1
Aug 22 08:22:45.135 DEBG committing index 874, index: 874, raft_id: 1, tag: meta-node-id=1
Aug 22 08:22:45.137 DEBG persisted index 875, raft_id: 1, tag: meta-node-id=1
Aug 22 08:22:45.138 DEBG committing index 875, index: 875, raft_id: 1, tag: meta-node-id=1
Aug 22 08:22:45.994 DEBG persisted index 876, raft_id: 1, tag: meta-node-id=1
Aug 22 08:22:45.994 DEBG committing index 876, index: 876, raft_id: 1, tag: meta-node-id=1
Aug 22 08:22:47.155 DEBG persisted index 877, raft_id: 1, tag: meta-node-id=1
Aug 22 08:22:47.155 DEBG committing index 877, index: 877, raft_id: 1, tag: meta-node-id=1
Aug 22 08:22:47.158 DEBG persisted index 878, raft_id: 1, tag: meta-node-id=1
Aug 22 08:22:47.158 DEBG committing index 878, index: 878, raft_id: 1, tag: meta-node-id=1
Aug 22 08:22:48.001 DEBG persisted index 879, raft_id: 1, tag: meta-node-id=1
Aug 22 08:22:48.001 DEBG committing index 879, index: 879, raft_id: 1, tag: meta-node-id=1
Aug 22 08:22:49.159 DEBG persisted index 880, raft_id: 1, tag: meta-node-id=1
Aug 22 08:22:49.160 DEBG committing index 880, index: 880, raft_id: 1, tag: meta-node-id=1
Aug 22 08:22:49.165 DEBG persisted index 881, raft_id: 1, tag: meta-node-id=1
Aug 22 08:22:49.165 DEBG committing index 881, index: 881, raft_id: 1, tag: meta-node-id=1
Aug 22 08:22:50.006 DEBG persisted index 882, raft_id: 1, tag: meta-node-id=1
Aug 22 08:22:50.006 DEBG committing index 882, index: 882, raft_id: 1, tag: meta-node-id=1
Aug 22 08:22:51.173 DEBG persisted index 883, raft_id: 1, tag: meta-node-id=1
Aug 22 08:22:51.173 DEBG committing index 883, index: 883, raft_id: 1, tag: meta-node-id=1
Aug 22 08:22:51.180 DEBG persisted index 884, raft_id: 1, tag: meta-node-id=1
Aug 22 08:22:51.180 DEBG committing index 884, index: 884, raft_id: 1, tag: meta-node-id=1
Aug 22 08:22:52.008 DEBG persisted index 885, raft_id: 1, tag: meta-node-id=1
Aug 22 08:22:52.009 DEBG committing index 885, index: 885, raft_id: 1, tag: meta-node-id=1
Aug 22 08:22:59.287 DEBG persisted index 886, raft_id: 1, tag: meta-node-id=1
Aug 22 08:22:59.287 DEBG committing index 886, index: 886, raft_id: 1, tag: meta-node-id=1
Aug 22 08:22:59.290 DEBG persisted index 887, raft_id: 1, tag: meta-node-id=1
Aug 22 08:22:59.290 DEBG committing index 887, index: 887, raft_id: 1, tag: meta-node-id=1
Aug 22 08:23:00.024 DEBG persisted index 888, raft_id: 1, tag: meta-node-id=1
Aug 22 08:23:00.024 DEBG committing index 888, index: 888, raft_id: 1, tag: meta-node-id=1
Aug 22 08:23:01.189 DEBG persisted index 889, raft_id: 1, tag: meta-node-id=1
Aug 22 08:23:01.189 DEBG committing index 889, index: 889, raft_id: 1, tag: meta-node-id=1
Aug 22 08:23:01.192 DEBG persisted index 890, raft_id: 1, tag: meta-node-id=1
Aug 22 08:23:01.192 DEBG committing index 890, index: 890, raft_id: 1, tag: meta-node-id=1
Aug 22 08:23:02.030 DEBG persisted index 891, raft_id: 1, tag: meta-node-id=1
Aug 22 08:23:02.030 DEBG committing index 891, index: 891, raft_id: 1, tag: meta-node-id=1
Aug 22 08:23:03.192 DEBG persisted index 892, raft_id: 1, tag: meta-node-id=1
Aug 22 08:23:03.193 DEBG committing index 892, index: 892, raft_id: 1, tag: meta-node-id=1
Aug 22 08:23:03.198 DEBG persisted index 893, raft_id: 1, tag: meta-node-id=1
Aug 22 08:23:03.198 DEBG committing index 893, index: 893, raft_id: 1, tag: meta-node-id=1
Aug 22 08:23:04.036 DEBG persisted index 894, raft_id: 1, tag: meta-node-id=1
Aug 22 08:23:04.036 DEBG committing index 894, index: 894, raft_id: 1, tag: meta-node-id=1
Aug 22 08:23:05.187 DEBG persisted index 895, raft_id: 1, tag: meta-node-id=1
Aug 22 08:23:05.187 DEBG committing index 895, index: 895, raft_id: 1, tag: meta-node-id=1
Aug 22 08:23:05.190 DEBG persisted index 896, raft_id: 1, tag: meta-node-id=1
Aug 22 08:23:05.191 DEBG committing index 896, index: 896, raft_id: 1, tag: meta-node-id=1
Aug 22 08:23:06.039 DEBG persisted index 897, raft_id: 1, tag: meta-node-id=1
Aug 22 08:23:06.039 DEBG committing index 897, index: 897, raft_id: 1, tag: meta-node-id=1
Aug 22 08:23:07.205 DEBG persisted index 898, raft_id: 1, tag: meta-node-id=1
Aug 22 08:23:07.205 DEBG committing index 898, index: 898, raft_id: 1, tag: meta-node-id=1
Aug 22 08:23:07.208 DEBG persisted index 899, raft_id: 1, tag: meta-node-id=1
Aug 22 08:23:07.209 DEBG committing index 899, index: 899, raft_id: 1, tag: meta-node-id=1
Aug 22 08:23:08.043 DEBG persisted index 900, raft_id: 1, tag: meta-node-id=1
Aug 22 08:23:08.043 DEBG committing index 900, index: 900, raft_id: 1, tag: meta-node-id=1
Aug 22 08:23:09.196 DEBG persisted index 901, raft_id: 1, tag: meta-node-id=1
Aug 22 08:23:09.196 DEBG committing index 901, index: 901, raft_id: 1, tag: meta-node-id=1
Aug 22 08:23:09.200 DEBG persisted index 902, raft_id: 1, tag: meta-node-id=1
Aug 22 08:23:09.200 DEBG committing index 902, index: 902, raft_id: 1, tag: meta-node-id=1
Aug 22 08:23:10.053 DEBG persisted index 903, raft_id: 1, tag: meta-node-id=1
Aug 22 08:23:10.053 DEBG committing index 903, index: 903, raft_id: 1, tag: meta-node-id=1
Aug 22 08:24:34.199 DEBG persisted index 904, raft_id: 1, tag: meta-node-id=1
Aug 22 08:24:34.200 DEBG committing index 904, index: 904, raft_id: 1, tag: meta-node-id=1
Aug 22 08:24:34.200 DEBG persisted index 905, raft_id: 1, tag: meta-node-id=1
Aug 22 08:24:34.200 DEBG committing index 905, index: 905, raft_id: 1, tag: meta-node-id=1
Aug 22 08:24:34.201 DEBG persisted index 906, raft_id: 1, tag: meta-node-id=1
Aug 22 08:24:34.201 DEBG committing index 906, index: 906, raft_id: 1, tag: meta-node-id=1
Aug 22 08:24:34.201 DEBG persisted index 907, raft_id: 1, tag: meta-node-id=1
Aug 22 08:24:34.202 DEBG committing index 907, index: 907, raft_id: 1, tag: meta-node-id=1
Aug 22 08:24:34.202 DEBG persisted index 908, raft_id: 1, tag: meta-node-id=1
Aug 22 08:24:34.202 DEBG committing index 908, index: 908, raft_id: 1, tag: meta-node-id=1
Aug 22 08:24:34.203 DEBG persisted index 909, raft_id: 1, tag: meta-node-id=1
Aug 22 08:24:34.203 DEBG committing index 909, index: 909, raft_id: 1, tag: meta-node-id=1
Aug 22 08:24:34.204 DEBG persisted index 910, raft_id: 1, tag: meta-node-id=1
Aug 22 08:24:34.204 DEBG committing index 910, index: 910, raft_id: 1, tag: meta-node-id=1
Aug 22 08:24:34.204 DEBG persisted index 911, raft_id: 1, tag: meta-node-id=1
Aug 22 08:24:34.205 DEBG committing index 911, index: 911, raft_id: 1, tag: meta-node-id=1
Aug 22 08:24:34.205 DEBG persisted index 912, raft_id: 1, tag: meta-node-id=1
Aug 22 08:24:34.205 DEBG committing index 912, index: 912, raft_id: 1, tag: meta-node-id=1
Aug 22 08:24:34.205 DEBG persisted index 913, raft_id: 1, tag: meta-node-id=1
Aug 22 08:24:34.206 DEBG committing index 913, index: 913, raft_id: 1, tag: meta-node-id=1
Aug 22 08:24:34.206 DEBG persisted index 914, raft_id: 1, tag: meta-node-id=1
Aug 22 08:24:34.206 DEBG committing index 914, index: 914, raft_id: 1, tag: meta-node-id=1
Aug 22 08:24:34.207 DEBG persisted index 915, raft_id: 1, tag: meta-node-id=1
Aug 22 08:24:34.207 DEBG committing index 915, index: 915, raft_id: 1, tag: meta-node-id=1
Aug 22 08:24:34.211 DEBG persisted index 916, raft_id: 1, tag: meta-node-id=1
Aug 22 08:24:34.211 DEBG committing index 916, index: 916, raft_id: 1, tag: meta-node-id=1
Aug 22 08:24:34.212 DEBG persisted index 917, raft_id: 1, tag: meta-node-id=1
Aug 22 08:24:34.213 DEBG committing index 917, index: 917, raft_id: 1, tag: meta-node-id=1
Aug 22 08:24:39.636 DEBG persisted index 918, raft_id: 1, tag: meta-node-id=1
Aug 22 08:24:39.636 DEBG committing index 918, index: 918, raft_id: 1, tag: meta-node-id=1
Aug 22 08:24:39.638 DEBG persisted index 919, raft_id: 1, tag: meta-node-id=1
Aug 22 08:24:39.638 DEBG committing index 919, index: 919, raft_id: 1, tag: meta-node-id=1
Aug 22 08:24:39.641 DEBG persisted index 920, raft_id: 1, tag: meta-node-id=1
Aug 22 08:24:39.641 DEBG committing index 920, index: 920, raft_id: 1, tag: meta-node-id=1
Aug 22 08:24:39.643 DEBG persisted index 921, raft_id: 1, tag: meta-node-id=1
Aug 22 08:24:39.644 DEBG committing index 921, index: 921, raft_id: 1, tag: meta-node-id=1
Aug 22 08:24:39.646 DEBG persisted index 922, raft_id: 1, tag: meta-node-id=1
Aug 22 08:24:39.646 DEBG committing index 922, index: 922, raft_id: 1, tag: meta-node-id=1
Aug 22 08:24:39.648 DEBG persisted index 923, raft_id: 1, tag: meta-node-id=1
Aug 22 08:24:39.648 DEBG committing index 923, index: 923, raft_id: 1, tag: meta-node-id=1
Aug 22 08:24:39.650 DEBG persisted index 924, raft_id: 1, tag: meta-node-id=1
Aug 22 08:24:39.650 DEBG committing index 924, index: 924, raft_id: 1, tag: meta-node-id=1
Aug 22 08:24:39.652 DEBG persisted index 925, raft_id: 1, tag: meta-node-id=1
Aug 22 08:24:39.653 DEBG committing index 925, index: 925, raft_id: 1, tag: meta-node-id=1
Aug 22 08:24:39.656 DEBG persisted index 926, raft_id: 1, tag: meta-node-id=1
Aug 22 08:24:39.656 DEBG committing index 926, index: 926, raft_id: 1, tag: meta-node-id=1
Aug 22 08:24:39.659 DEBG persisted index 927, raft_id: 1, tag: meta-node-id=1
Aug 22 08:24:39.659 DEBG committing index 927, index: 927, raft_id: 1, tag: meta-node-id=1
Aug 22 08:24:40.661 DEBG persisted index 928, raft_id: 1, tag: meta-node-id=1
Aug 22 08:24:40.661 DEBG committing index 928, index: 928, raft_id: 1, tag: meta-node-id=1
Aug 22 08:24:40.664 DEBG persisted index 929, raft_id: 1, tag: meta-node-id=1
Aug 22 08:24:40.664 DEBG committing index 929, index: 929, raft_id: 1, tag: meta-node-id=1
Aug 22 08:24:40.666 DEBG persisted index 930, raft_id: 1, tag: meta-node-id=1
Aug 22 08:24:40.666 DEBG committing index 930, index: 930, raft_id: 1, tag: meta-node-id=1
Aug 22 08:24:40.668 DEBG persisted index 931, raft_id: 1, tag: meta-node-id=1
Aug 22 08:24:40.668 DEBG committing index 931, index: 931, raft_id: 1, tag: meta-node-id=1
Aug 22 08:24:40.670 DEBG persisted index 932, raft_id: 1, tag: meta-node-id=1
Aug 22 08:24:40.670 DEBG committing index 932, index: 932, raft_id: 1, tag: meta-node-id=1
Aug 22 08:24:40.673 DEBG persisted index 933, raft_id: 1, tag: meta-node-id=1
Aug 22 08:24:40.673 DEBG committing index 933, index: 933, raft_id: 1, tag: meta-node-id=1
Aug 22 08:24:40.675 DEBG persisted index 934, raft_id: 1, tag: meta-node-id=1
Aug 22 08:24:40.675 DEBG committing index 934, index: 934, raft_id: 1, tag: meta-node-id=1
Aug 22 08:24:40.677 DEBG persisted index 935, raft_id: 1, tag: meta-node-id=1
Aug 22 08:24:40.677 DEBG committing index 935, index: 935, raft_id: 1, tag: meta-node-id=1
Aug 22 08:24:42.232 DEBG persisted index 936, raft_id: 1, tag: meta-node-id=1
Aug 22 08:24:42.232 DEBG committing index 936, index: 936, raft_id: 1, tag: meta-node-id=1
Aug 22 08:24:42.235 DEBG persisted index 937, raft_id: 1, tag: meta-node-id=1
Aug 22 08:24:42.235 DEBG committing index 937, index: 937, raft_id: 1, tag: meta-node-id=1
Aug 22 08:24:42.238 DEBG persisted index 938, raft_id: 1, tag: meta-node-id=1
Aug 22 08:24:42.239 DEBG committing index 938, index: 938, raft_id: 1, tag: meta-node-id=1
Aug 22 08:24:42.242 DEBG persisted index 939, raft_id: 1, tag: meta-node-id=1
Aug 22 08:24:42.243 DEBG committing index 939, index: 939, raft_id: 1, tag: meta-node-id=1
Aug 22 08:24:42.248 DEBG persisted index 940, raft_id: 1, tag: meta-node-id=1
Aug 22 08:24:42.248 DEBG committing index 940, index: 940, raft_id: 1, tag: meta-node-id=1
Aug 22 08:24:42.252 DEBG persisted index 941, raft_id: 1, tag: meta-node-id=1
Aug 22 08:24:42.252 DEBG committing index 941, index: 941, raft_id: 1, tag: meta-node-id=1
Aug 22 08:24:42.254 DEBG persisted index 942, raft_id: 1, tag: meta-node-id=1
Aug 22 08:24:42.255 DEBG committing index 942, index: 942, raft_id: 1, tag: meta-node-id=1
Aug 22 08:24:42.257 DEBG persisted index 943, raft_id: 1, tag: meta-node-id=1
Aug 22 08:24:42.257 DEBG committing index 943, index: 943, raft_id: 1, tag: meta-node-id=1
Aug 22 08:24:42.263 DEBG persisted index 944, raft_id: 1, tag: meta-node-id=1
Aug 22 08:24:42.263 DEBG committing index 944, index: 944, raft_id: 1, tag: meta-node-id=1
Aug 22 08:24:42.266 DEBG persisted index 945, raft_id: 1, tag: meta-node-id=1
Aug 22 08:24:42.266 DEBG committing index 945, index: 945, raft_id: 1, tag: meta-node-id=1
Aug 22 08:24:42.270 DEBG persisted index 946, raft_id: 1, tag: meta-node-id=1
Aug 22 08:24:42.270 DEBG committing index 946, index: 946, raft_id: 1, tag: meta-node-id=1
Aug 22 08:24:42.272 DEBG persisted index 947, raft_id: 1, tag: meta-node-id=1
Aug 22 08:24:42.272 DEBG committing index 947, index: 947, raft_id: 1, tag: meta-node-id=1
Aug 22 08:24:42.278 DEBG persisted index 948, raft_id: 1, tag: meta-node-id=1
Aug 22 08:24:42.278 DEBG committing index 948, index: 948, raft_id: 1, tag: meta-node-id=1
Aug 22 08:24:42.281 DEBG persisted index 949, raft_id: 1, tag: meta-node-id=1
Aug 22 08:24:42.281 DEBG committing index 949, index: 949, raft_id: 1, tag: meta-node-id=1
Aug 22 08:24:42.284 DEBG persisted index 950, raft_id: 1, tag: meta-node-id=1
Aug 22 08:24:42.284 DEBG committing index 950, index: 950, raft_id: 1, tag: meta-node-id=1
Aug 22 08:24:42.287 DEBG persisted index 951, raft_id: 1, tag: meta-node-id=1
Aug 22 08:24:42.287 DEBG committing index 951, index: 951, raft_id: 1, tag: meta-node-id=1
Aug 22 08:24:42.290 DEBG persisted index 952, raft_id: 1, tag: meta-node-id=1
Aug 22 08:24:42.290 DEBG committing index 952, index: 952, raft_id: 1, tag: meta-node-id=1
Aug 22 08:24:42.294 DEBG persisted index 953, raft_id: 1, tag: meta-node-id=1
Aug 22 08:24:42.294 DEBG committing index 953, index: 953, raft_id: 1, tag: meta-node-id=1
Aug 22 08:24:42.297 DEBG persisted index 954, raft_id: 1, tag: meta-node-id=1
Aug 22 08:24:42.297 DEBG committing index 954, index: 954, raft_id: 1, tag: meta-node-id=1
Aug 22 08:24:42.299 DEBG persisted index 955, raft_id: 1, tag: meta-node-id=1
Aug 22 08:24:42.299 DEBG committing index 955, index: 955, raft_id: 1, tag: meta-node-id=1
Aug 22 08:24:42.301 DEBG persisted index 956, raft_id: 1, tag: meta-node-id=1
Aug 22 08:24:42.301 DEBG committing index 956, index: 956, raft_id: 1, tag: meta-node-id=1
Aug 22 08:24:42.304 DEBG persisted index 957, raft_id: 1, tag: meta-node-id=1
Aug 22 08:24:42.304 DEBG committing index 957, index: 957, raft_id: 1, tag: meta-node-id=1
Aug 22 08:24:42.312 DEBG persisted index 958, raft_id: 1, tag: meta-node-id=1
Aug 22 08:24:42.312 DEBG committing index 958, index: 958, raft_id: 1, tag: meta-node-id=1
Aug 22 08:24:43.476 DEBG persisted index 959, raft_id: 1, tag: meta-node-id=1
Aug 22 08:24:43.476 DEBG committing index 959, index: 959, raft_id: 1, tag: meta-node-id=1
Aug 22 08:24:43.487 DEBG persisted index 960, raft_id: 1, tag: meta-node-id=1
Aug 22 08:24:43.487 DEBG committing index 960, index: 960, raft_id: 1, tag: meta-node-id=1
Aug 22 08:24:44.643 DEBG persisted index 961, raft_id: 1, tag: meta-node-id=1
Aug 22 08:24:44.643 DEBG committing index 961, index: 961, raft_id: 1, tag: meta-node-id=1
Aug 22 08:24:44.653 DEBG persisted index 962, raft_id: 1, tag: meta-node-id=1
Aug 22 08:24:44.653 DEBG committing index 962, index: 962, raft_id: 1, tag: meta-node-id=1
Aug 22 08:24:45.820 DEBG persisted index 963, raft_id: 1, tag: meta-node-id=1
Aug 22 08:24:45.820 DEBG committing index 963, index: 963, raft_id: 1, tag: meta-node-id=1
Aug 22 08:24:45.823 DEBG persisted index 964, raft_id: 1, tag: meta-node-id=1
Aug 22 08:24:45.823 DEBG committing index 964, index: 964, raft_id: 1, tag: meta-node-id=1
Aug 22 08:24:45.825 DEBG persisted index 965, raft_id: 1, tag: meta-node-id=1
Aug 22 08:24:45.825 DEBG committing index 965, index: 965, raft_id: 1, tag: meta-node-id=1
Aug 22 08:24:45.827 DEBG persisted index 966, raft_id: 1, tag: meta-node-id=1
Aug 22 08:24:45.827 DEBG committing index 966, index: 966, raft_id: 1, tag: meta-node-id=1
Aug 22 08:24:46.250 DEBG persisted index 967, raft_id: 1, tag: meta-node-id=1
Aug 22 08:24:46.250 DEBG committing index 967, index: 967, raft_id: 1, tag: meta-node-id=1
Aug 22 08:24:46.391 DEBG persisted index 968, raft_id: 1, tag: meta-node-id=1
Aug 22 08:24:46.391 DEBG committing index 968, index: 968, raft_id: 1, tag: meta-node-id=1
Aug 22 08:24:46.393 DEBG persisted index 969, raft_id: 1, tag: meta-node-id=1
Aug 22 08:24:46.393 DEBG committing index 969, index: 969, raft_id: 1, tag: meta-node-id=1
Aug 22 08:24:46.395 DEBG persisted index 970, raft_id: 1, tag: meta-node-id=1
Aug 22 08:24:46.396 DEBG committing index 970, index: 970, raft_id: 1, tag: meta-node-id=1
Aug 22 08:24:46.397 DEBG persisted index 971, raft_id: 1, tag: meta-node-id=1
Aug 22 08:24:46.398 DEBG committing index 971, index: 971, raft_id: 1, tag: meta-node-id=1
Aug 22 08:24:46.400 DEBG persisted index 972, raft_id: 1, tag: meta-node-id=1
Aug 22 08:24:46.400 DEBG committing index 972, index: 972, raft_id: 1, tag: meta-node-id=1
Aug 22 08:24:47.252 DEBG persisted index 973, raft_id: 1, tag: meta-node-id=1
Aug 22 08:24:47.252 DEBG committing index 973, index: 973, raft_id: 1, tag: meta-node-id=1
Aug 22 08:24:47.393 DEBG persisted index 974, raft_id: 1, tag: meta-node-id=1
Aug 22 08:24:47.393 DEBG committing index 974, index: 974, raft_id: 1, tag: meta-node-id=1
Aug 22 08:24:47.396 DEBG persisted index 975, raft_id: 1, tag: meta-node-id=1
Aug 22 08:24:47.396 DEBG committing index 975, index: 975, raft_id: 1, tag: meta-node-id=1
Aug 22 08:24:47.400 DEBG persisted index 976, raft_id: 1, tag: meta-node-id=1
Aug 22 08:24:47.400 DEBG committing index 976, index: 976, raft_id: 1, tag: meta-node-id=1
Aug 22 08:24:47.402 DEBG persisted index 977, raft_id: 1, tag: meta-node-id=1
Aug 22 08:24:47.402 DEBG committing index 977, index: 977, raft_id: 1, tag: meta-node-id=1
Aug 22 08:24:47.404 DEBG persisted index 978, raft_id: 1, tag: meta-node-id=1
Aug 22 08:24:47.404 DEBG committing index 978, index: 978, raft_id: 1, tag: meta-node-id=1
Aug 22 08:24:48.255 DEBG persisted index 979, raft_id: 1, tag: meta-node-id=1
Aug 22 08:24:48.255 DEBG committing index 979, index: 979, raft_id: 1, tag: meta-node-id=1
Aug 22 08:24:48.395 DEBG persisted index 980, raft_id: 1, tag: meta-node-id=1
Aug 22 08:24:48.396 DEBG committing index 980, index: 980, raft_id: 1, tag: meta-node-id=1
Aug 22 08:24:48.398 DEBG persisted index 981, raft_id: 1, tag: meta-node-id=1
Aug 22 08:24:48.398 DEBG committing index 981, index: 981, raft_id: 1, tag: meta-node-id=1
Aug 22 08:24:48.400 DEBG persisted index 982, raft_id: 1, tag: meta-node-id=1
Aug 22 08:24:48.400 DEBG committing index 982, index: 982, raft_id: 1, tag: meta-node-id=1
Aug 22 08:24:48.402 DEBG persisted index 983, raft_id: 1, tag: meta-node-id=1
Aug 22 08:24:48.403 DEBG committing index 983, index: 983, raft_id: 1, tag: meta-node-id=1
Aug 22 08:24:48.404 DEBG persisted index 984, raft_id: 1, tag: meta-node-id=1
Aug 22 08:24:48.404 DEBG committing index 984, index: 984, raft_id: 1, tag: meta-node-id=1
Aug 22 08:24:49.256 DEBG persisted index 985, raft_id: 1, tag: meta-node-id=1
Aug 22 08:24:49.256 DEBG committing index 985, index: 985, raft_id: 1, tag: meta-node-id=1
Aug 22 08:24:49.397 DEBG persisted index 986, raft_id: 1, tag: meta-node-id=1
Aug 22 08:24:49.397 DEBG committing index 986, index: 986, raft_id: 1, tag: meta-node-id=1
Aug 22 08:24:49.400 DEBG persisted index 987, raft_id: 1, tag: meta-node-id=1
Aug 22 08:24:49.400 DEBG committing index 987, index: 987, raft_id: 1, tag: meta-node-id=1
Aug 22 08:24:49.402 DEBG persisted index 988, raft_id: 1, tag: meta-node-id=1
Aug 22 08:24:49.402 DEBG committing index 988, index: 988, raft_id: 1, tag: meta-node-id=1
Aug 22 08:24:49.404 DEBG persisted index 989, raft_id: 1, tag: meta-node-id=1
Aug 22 08:24:49.404 DEBG committing index 989, index: 989, raft_id: 1, tag: meta-node-id=1
Aug 22 08:24:49.406 DEBG persisted index 990, raft_id: 1, tag: meta-node-id=1
Aug 22 08:24:49.406 DEBG committing index 990, index: 990, raft_id: 1, tag: meta-node-id=1
Aug 22 08:24:50.258 DEBG persisted index 991, raft_id: 1, tag: meta-node-id=1
Aug 22 08:24:50.258 DEBG committing index 991, index: 991, raft_id: 1, tag: meta-node-id=1
Aug 22 08:24:50.400 DEBG persisted index 992, raft_id: 1, tag: meta-node-id=1
Aug 22 08:24:50.400 DEBG committing index 992, index: 992, raft_id: 1, tag: meta-node-id=1
Aug 22 08:24:50.402 DEBG persisted index 993, raft_id: 1, tag: meta-node-id=1
Aug 22 08:24:50.402 DEBG committing index 993, index: 993, raft_id: 1, tag: meta-node-id=1
Aug 22 08:24:50.405 DEBG persisted index 994, raft_id: 1, tag: meta-node-id=1
Aug 22 08:24:50.405 DEBG committing index 994, index: 994, raft_id: 1, tag: meta-node-id=1
Aug 22 08:24:50.407 DEBG persisted index 995, raft_id: 1, tag: meta-node-id=1
Aug 22 08:24:50.407 DEBG committing index 995, index: 995, raft_id: 1, tag: meta-node-id=1
Aug 22 08:24:50.409 DEBG persisted index 996, raft_id: 1, tag: meta-node-id=1
Aug 22 08:24:50.409 DEBG committing index 996, index: 996, raft_id: 1, tag: meta-node-id=1
Aug 22 08:24:51.260 DEBG persisted index 997, raft_id: 1, tag: meta-node-id=1
Aug 22 08:24:51.260 DEBG committing index 997, index: 997, raft_id: 1, tag: meta-node-id=1
Aug 22 08:24:51.402 DEBG persisted index 998, raft_id: 1, tag: meta-node-id=1
Aug 22 08:24:51.402 DEBG committing index 998, index: 998, raft_id: 1, tag: meta-node-id=1
Aug 22 08:24:56.955 DEBG persisted index 999, raft_id: 1, tag: meta-node-id=1
Aug 22 08:24:56.955 DEBG committing index 999, index: 999, raft_id: 1, tag: meta-node-id=1
Aug 22 08:24:56.956 DEBG persisted index 1000, raft_id: 1, tag: meta-node-id=1
Aug 22 08:24:56.957 DEBG committing index 1000, index: 1000, raft_id: 1, tag: meta-node-id=1
Aug 22 08:24:56.957 DEBG persisted index 1001, raft_id: 1, tag: meta-node-id=1
Aug 22 08:24:56.958 DEBG committing index 1001, index: 1001, raft_id: 1, tag: meta-node-id=1
Aug 22 08:24:56.959 DEBG persisted index 1002, raft_id: 1, tag: meta-node-id=1
Aug 22 08:24:56.959 DEBG committing index 1002, index: 1002, raft_id: 1, tag: meta-node-id=1
Aug 22 08:24:56.959 DEBG persisted index 1003, raft_id: 1, tag: meta-node-id=1
Aug 22 08:24:56.959 DEBG committing index 1003, index: 1003, raft_id: 1, tag: meta-node-id=1
Aug 22 08:24:56.960 DEBG persisted index 1004, raft_id: 1, tag: meta-node-id=1
Aug 22 08:24:56.961 DEBG committing index 1004, index: 1004, raft_id: 1, tag: meta-node-id=1
Aug 22 08:24:56.961 DEBG persisted index 1005, raft_id: 1, tag: meta-node-id=1
Aug 22 08:24:56.961 DEBG committing index 1005, index: 1005, raft_id: 1, tag: meta-node-id=1
Aug 22 08:24:56.962 DEBG persisted index 1006, raft_id: 1, tag: meta-node-id=1
Aug 22 08:24:56.962 DEBG committing index 1006, index: 1006, raft_id: 1, tag: meta-node-id=1
Aug 22 08:24:56.963 DEBG persisted index 1007, raft_id: 1, tag: meta-node-id=1
Aug 22 08:24:56.963 DEBG committing index 1007, index: 1007, raft_id: 1, tag: meta-node-id=1
Aug 22 08:24:56.963 DEBG persisted index 1008, raft_id: 1, tag: meta-node-id=1
Aug 22 08:24:56.963 DEBG committing index 1008, index: 1008, raft_id: 1, tag: meta-node-id=1
Aug 22 08:24:56.964 DEBG persisted index 1009, raft_id: 1, tag: meta-node-id=1
Aug 22 08:24:56.964 DEBG committing index 1009, index: 1009, raft_id: 1, tag: meta-node-id=1
Aug 22 08:24:56.966 DEBG persisted index 1010, raft_id: 1, tag: meta-node-id=1
Aug 22 08:24:56.966 DEBG committing index 1010, index: 1010, raft_id: 1, tag: meta-node-id=1
Aug 22 08:24:56.971 DEBG persisted index 1011, raft_id: 1, tag: meta-node-id=1
Aug 22 08:24:56.972 DEBG committing index 1011, index: 1011, raft_id: 1, tag: meta-node-id=1
Aug 22 08:24:56.973 DEBG persisted index 1012, raft_id: 1, tag: meta-node-id=1
Aug 22 08:24:56.973 DEBG committing index 1012, index: 1012, raft_id: 1, tag: meta-node-id=1
Aug 22 08:25:01.273 DEBG persisted index 1013, raft_id: 1, tag: meta-node-id=1
Aug 22 08:25:01.273 DEBG committing index 1013, index: 1013, raft_id: 1, tag: meta-node-id=1
Aug 22 08:25:01.276 DEBG persisted index 1014, raft_id: 1, tag: meta-node-id=1
Aug 22 08:25:01.276 DEBG committing index 1014, index: 1014, raft_id: 1, tag: meta-node-id=1
Aug 22 08:25:01.279 DEBG persisted index 1015, raft_id: 1, tag: meta-node-id=1
Aug 22 08:25:01.279 DEBG committing index 1015, index: 1015, raft_id: 1, tag: meta-node-id=1
Aug 22 08:25:01.282 DEBG persisted index 1016, raft_id: 1, tag: meta-node-id=1
Aug 22 08:25:01.282 DEBG committing index 1016, index: 1016, raft_id: 1, tag: meta-node-id=1
Aug 22 08:25:01.285 DEBG persisted index 1017, raft_id: 1, tag: meta-node-id=1
Aug 22 08:25:01.285 DEBG committing index 1017, index: 1017, raft_id: 1, tag: meta-node-id=1
Aug 22 08:25:01.288 DEBG persisted index 1018, raft_id: 1, tag: meta-node-id=1
Aug 22 08:25:01.288 DEBG committing index 1018, index: 1018, raft_id: 1, tag: meta-node-id=1
Aug 22 08:25:01.291 DEBG persisted index 1019, raft_id: 1, tag: meta-node-id=1
Aug 22 08:25:01.291 DEBG committing index 1019, index: 1019, raft_id: 1, tag: meta-node-id=1
Aug 22 08:25:01.294 DEBG persisted index 1020, raft_id: 1, tag: meta-node-id=1
Aug 22 08:25:01.294 DEBG committing index 1020, index: 1020, raft_id: 1, tag: meta-node-id=1
Aug 22 08:25:01.296 DEBG persisted index 1021, raft_id: 1, tag: meta-node-id=1
Aug 22 08:25:01.297 DEBG committing index 1021, index: 1021, raft_id: 1, tag: meta-node-id=1
Aug 22 08:25:01.300 DEBG persisted index 1022, raft_id: 1, tag: meta-node-id=1
Aug 22 08:25:01.300 DEBG committing index 1022, index: 1022, raft_id: 1, tag: meta-node-id=1
Aug 22 08:25:02.301 DEBG persisted index 1023, raft_id: 1, tag: meta-node-id=1
Aug 22 08:25:02.301 DEBG committing index 1023, index: 1023, raft_id: 1, tag: meta-node-id=1
Aug 22 08:25:02.305 DEBG persisted index 1024, raft_id: 1, tag: meta-node-id=1
Aug 22 08:25:02.305 DEBG committing index 1024, index: 1024, raft_id: 1, tag: meta-node-id=1
Aug 22 08:25:02.308 DEBG persisted index 1025, raft_id: 1, tag: meta-node-id=1
Aug 22 08:25:02.309 DEBG committing index 1025, index: 1025, raft_id: 1, tag: meta-node-id=1
Aug 22 08:25:02.312 DEBG persisted index 1026, raft_id: 1, tag: meta-node-id=1
Aug 22 08:25:02.312 DEBG committing index 1026, index: 1026, raft_id: 1, tag: meta-node-id=1
Aug 22 08:25:02.315 DEBG persisted index 1027, raft_id: 1, tag: meta-node-id=1
Aug 22 08:25:02.316 DEBG committing index 1027, index: 1027, raft_id: 1, tag: meta-node-id=1
Aug 22 08:25:02.319 DEBG persisted index 1028, raft_id: 1, tag: meta-node-id=1
Aug 22 08:25:02.320 DEBG committing index 1028, index: 1028, raft_id: 1, tag: meta-node-id=1
Aug 22 08:25:02.322 DEBG persisted index 1029, raft_id: 1, tag: meta-node-id=1
Aug 22 08:25:02.322 DEBG committing index 1029, index: 1029, raft_id: 1, tag: meta-node-id=1
Aug 22 08:25:02.326 DEBG persisted index 1030, raft_id: 1, tag: meta-node-id=1
Aug 22 08:25:02.327 DEBG committing index 1030, index: 1030, raft_id: 1, tag: meta-node-id=1
Aug 22 08:25:03.505 DEBG persisted index 1031, raft_id: 1, tag: meta-node-id=1
Aug 22 08:25:03.505 DEBG committing index 1031, index: 1031, raft_id: 1, tag: meta-node-id=1
Aug 22 08:25:03.509 DEBG persisted index 1032, raft_id: 1, tag: meta-node-id=1
Aug 22 08:25:03.509 DEBG committing index 1032, index: 1032, raft_id: 1, tag: meta-node-id=1
Aug 22 08:25:03.513 DEBG persisted index 1033, raft_id: 1, tag: meta-node-id=1
Aug 22 08:25:03.513 DEBG committing index 1033, index: 1033, raft_id: 1, tag: meta-node-id=1
Aug 22 08:25:03.517 DEBG persisted index 1034, raft_id: 1, tag: meta-node-id=1
Aug 22 08:25:03.517 DEBG committing index 1034, index: 1034, raft_id: 1, tag: meta-node-id=1
Aug 22 08:25:03.524 DEBG persisted index 1035, raft_id: 1, tag: meta-node-id=1
Aug 22 08:25:03.524 DEBG committing index 1035, index: 1035, raft_id: 1, tag: meta-node-id=1
Aug 22 08:25:03.528 DEBG persisted index 1036, raft_id: 1, tag: meta-node-id=1
Aug 22 08:25:03.528 DEBG committing index 1036, index: 1036, raft_id: 1, tag: meta-node-id=1
Aug 22 08:25:03.531 DEBG persisted index 1037, raft_id: 1, tag: meta-node-id=1
Aug 22 08:25:03.531 DEBG committing index 1037, index: 1037, raft_id: 1, tag: meta-node-id=1
Aug 22 08:25:03.535 DEBG persisted index 1038, raft_id: 1, tag: meta-node-id=1
Aug 22 08:25:03.535 DEBG committing index 1038, index: 1038, raft_id: 1, tag: meta-node-id=1
Aug 22 08:25:03.541 DEBG persisted index 1039, raft_id: 1, tag: meta-node-id=1
Aug 22 08:25:03.541 DEBG committing index 1039, index: 1039, raft_id: 1, tag: meta-node-id=1
Aug 22 08:25:03.544 DEBG persisted index 1040, raft_id: 1, tag: meta-node-id=1
Aug 22 08:25:03.544 DEBG committing index 1040, index: 1040, raft_id: 1, tag: meta-node-id=1
Aug 22 08:25:03.550 DEBG persisted index 1041, raft_id: 1, tag: meta-node-id=1
Aug 22 08:25:03.550 DEBG committing index 1041, index: 1041, raft_id: 1, tag: meta-node-id=1
Aug 22 08:25:09.577 DEBG persisted index 1042, raft_id: 1, tag: meta-node-id=1
Aug 22 08:25:09.577 DEBG committing index 1042, index: 1042, raft_id: 1, tag: meta-node-id=1
Aug 22 08:25:09.579 DEBG persisted index 1043, raft_id: 1, tag: meta-node-id=1
Aug 22 08:25:09.580 DEBG committing index 1043, index: 1043, raft_id: 1, tag: meta-node-id=1
Aug 22 08:25:09.581 DEBG persisted index 1044, raft_id: 1, tag: meta-node-id=1
Aug 22 08:25:09.581 DEBG committing index 1044, index: 1044, raft_id: 1, tag: meta-node-id=1
Aug 22 08:25:09.582 DEBG persisted index 1045, raft_id: 1, tag: meta-node-id=1
Aug 22 08:25:09.583 DEBG committing index 1045, index: 1045, raft_id: 1, tag: meta-node-id=1
Aug 22 08:25:09.583 DEBG persisted index 1046, raft_id: 1, tag: meta-node-id=1
Aug 22 08:25:09.583 DEBG committing index 1046, index: 1046, raft_id: 1, tag: meta-node-id=1
Aug 22 08:25:09.586 DEBG persisted index 1047, raft_id: 1, tag: meta-node-id=1
Aug 22 08:25:09.586 DEBG committing index 1047, index: 1047, raft_id: 1, tag: meta-node-id=1
Aug 22 08:25:09.597 DEBG persisted index 1048, raft_id: 1, tag: meta-node-id=1
Aug 22 08:25:09.598 DEBG committing index 1048, index: 1048, raft_id: 1, tag: meta-node-id=1
Aug 22 08:25:09.598 DEBG persisted index 1049, raft_id: 1, tag: meta-node-id=1
Aug 22 08:25:09.598 DEBG committing index 1049, index: 1049, raft_id: 1, tag: meta-node-id=1
Aug 22 08:25:09.598 DEBG persisted index 1050, raft_id: 1, tag: meta-node-id=1
Aug 22 08:25:09.598 DEBG committing index 1050, index: 1050, raft_id: 1, tag: meta-node-id=1
Aug 22 08:25:09.598 DEBG persisted index 1051, raft_id: 1, tag: meta-node-id=1
Aug 22 08:25:09.598 DEBG committing index 1051, index: 1051, raft_id: 1, tag: meta-node-id=1
Aug 22 08:25:09.598 DEBG persisted index 1052, raft_id: 1, tag: meta-node-id=1
Aug 22 08:25:09.598 DEBG committing index 1052, index: 1052, raft_id: 1, tag: meta-node-id=1
Aug 22 08:25:09.609 DEBG persisted index 1053, raft_id: 1, tag: meta-node-id=1
Aug 22 08:25:09.610 DEBG committing index 1053, index: 1053, raft_id: 1, tag: meta-node-id=1
Aug 22 08:25:09.611 DEBG persisted index 1054, raft_id: 1, tag: meta-node-id=1
Aug 22 08:25:09.611 DEBG committing index 1054, index: 1054, raft_id: 1, tag: meta-node-id=1
Aug 22 08:25:09.611 DEBG persisted index 1055, raft_id: 1, tag: meta-node-id=1
Aug 22 08:25:09.611 DEBG committing index 1055, index: 1055, raft_id: 1, tag: meta-node-id=1
Aug 22 08:25:14.292 DEBG persisted index 1056, raft_id: 1, tag: meta-node-id=1
Aug 22 08:25:14.293 DEBG committing index 1056, index: 1056, raft_id: 1, tag: meta-node-id=1
Aug 22 08:25:14.308 DEBG persisted index 1057, raft_id: 1, tag: meta-node-id=1
Aug 22 08:25:14.308 DEBG committing index 1057, index: 1057, raft_id: 1, tag: meta-node-id=1
Aug 22 08:25:14.320 DEBG persisted index 1058, raft_id: 1, tag: meta-node-id=1
Aug 22 08:25:14.320 DEBG committing index 1058, index: 1058, raft_id: 1, tag: meta-node-id=1
Aug 22 08:25:14.330 DEBG persisted index 1059, raft_id: 1, tag: meta-node-id=1
Aug 22 08:25:14.330 DEBG committing index 1059, index: 1059, raft_id: 1, tag: meta-node-id=1
Aug 22 08:25:14.343 DEBG persisted index 1060, raft_id: 1, tag: meta-node-id=1
Aug 22 08:25:14.344 DEBG committing index 1060, index: 1060, raft_id: 1, tag: meta-node-id=1
Aug 22 08:25:14.355 DEBG persisted index 1061, raft_id: 1, tag: meta-node-id=1
Aug 22 08:25:14.355 DEBG committing index 1061, index: 1061, raft_id: 1, tag: meta-node-id=1
Aug 22 08:25:14.366 DEBG persisted index 1062, raft_id: 1, tag: meta-node-id=1
Aug 22 08:25:14.366 DEBG committing index 1062, index: 1062, raft_id: 1, tag: meta-node-id=1
Aug 22 08:25:14.386 DEBG persisted index 1063, raft_id: 1, tag: meta-node-id=1
Aug 22 08:25:14.386 DEBG committing index 1063, index: 1063, raft_id: 1, tag: meta-node-id=1
Aug 22 08:25:14.397 DEBG persisted index 1064, raft_id: 1, tag: meta-node-id=1
Aug 22 08:25:14.397 DEBG committing index 1064, index: 1064, raft_id: 1, tag: meta-node-id=1
Aug 22 08:25:14.407 DEBG persisted index 1065, raft_id: 1, tag: meta-node-id=1
Aug 22 08:25:14.407 DEBG committing index 1065, index: 1065, raft_id: 1, tag: meta-node-id=1
Aug 22 08:25:15.400 DEBG persisted index 1066, raft_id: 1, tag: meta-node-id=1
Aug 22 08:25:15.401 DEBG committing index 1066, index: 1066, raft_id: 1, tag: meta-node-id=1
Aug 22 08:25:15.416 DEBG persisted index 1067, raft_id: 1, tag: meta-node-id=1
Aug 22 08:25:15.416 DEBG committing index 1067, index: 1067, raft_id: 1, tag: meta-node-id=1
Aug 22 08:25:15.427 DEBG persisted index 1068, raft_id: 1, tag: meta-node-id=1
Aug 22 08:25:15.428 DEBG committing index 1068, index: 1068, raft_id: 1, tag: meta-node-id=1
Aug 22 08:25:15.438 DEBG persisted index 1069, raft_id: 1, tag: meta-node-id=1
Aug 22 08:25:15.438 DEBG committing index 1069, index: 1069, raft_id: 1, tag: meta-node-id=1
Aug 22 08:25:15.450 DEBG persisted index 1070, raft_id: 1, tag: meta-node-id=1
Aug 22 08:25:15.450 DEBG committing index 1070, index: 1070, raft_id: 1, tag: meta-node-id=1
Aug 22 08:25:15.474 DEBG persisted index 1071, raft_id: 1, tag: meta-node-id=1
Aug 22 08:25:15.474 DEBG committing index 1071, index: 1071, raft_id: 1, tag: meta-node-id=1
Aug 22 08:25:15.474 DEBG persisted index 1072, raft_id: 1, tag: meta-node-id=1
Aug 22 08:25:15.475 DEBG committing index 1072, index: 1072, raft_id: 1, tag: meta-node-id=1
Aug 22 08:25:15.496 DEBG persisted index 1073, raft_id: 1, tag: meta-node-id=1
Aug 22 08:25:15.496 DEBG committing index 1073, index: 1073, raft_id: 1, tag: meta-node-id=1
Aug 22 08:25:16.658 DEBG persisted index 1074, raft_id: 1, tag: meta-node-id=1
Aug 22 08:25:16.658 DEBG committing index 1074, index: 1074, raft_id: 1, tag: meta-node-id=1
Aug 22 08:25:16.671 DEBG persisted index 1075, raft_id: 1, tag: meta-node-id=1
Aug 22 08:25:16.672 DEBG committing index 1075, index: 1075, raft_id: 1, tag: meta-node-id=1
Aug 22 08:25:16.696 DEBG persisted index 1076, raft_id: 1, tag: meta-node-id=1
Aug 22 08:25:16.696 DEBG committing index 1076, index: 1076, raft_id: 1, tag: meta-node-id=1
Aug 22 08:25:16.715 DEBG persisted index 1077, raft_id: 1, tag: meta-node-id=1
Aug 22 08:25:16.715 DEBG committing index 1077, index: 1077, raft_id: 1, tag: meta-node-id=1
Aug 22 08:25:16.728 DEBG persisted index 1078, raft_id: 1, tag: meta-node-id=1
Aug 22 08:25:16.728 DEBG committing index 1078, index: 1078, raft_id: 1, tag: meta-node-id=1
Aug 22 08:25:16.745 DEBG persisted index 1079, raft_id: 1, tag: meta-node-id=1
Aug 22 08:25:16.746 DEBG committing index 1079, index: 1079, raft_id: 1, tag: meta-node-id=1
Aug 22 08:25:16.758 DEBG persisted index 1080, raft_id: 1, tag: meta-node-id=1
Aug 22 08:25:16.758 DEBG committing index 1080, index: 1080, raft_id: 1, tag: meta-node-id=1
Aug 22 08:25:16.765 DEBG persisted index 1081, raft_id: 1, tag: meta-node-id=1
Aug 22 08:25:16.765 DEBG committing index 1081, index: 1081, raft_id: 1, tag: meta-node-id=1
Aug 22 08:25:16.775 DEBG persisted index 1082, raft_id: 1, tag: meta-node-id=1
Aug 22 08:25:16.778 DEBG committing index 1082, index: 1082, raft_id: 1, tag: meta-node-id=1
Aug 22 08:25:16.784 DEBG persisted index 1083, raft_id: 1, tag: meta-node-id=1
Aug 22 08:25:16.785 DEBG committing index 1083, index: 1083, raft_id: 1, tag: meta-node-id=1
Aug 22 08:25:16.797 DEBG persisted index 1084, raft_id: 1, tag: meta-node-id=1
Aug 22 08:25:16.797 DEBG committing index 1084, index: 1084, raft_id: 1, tag: meta-node-id=1
Aug 22 08:25:16.804 DEBG persisted index 1085, raft_id: 1, tag: meta-node-id=1
Aug 22 08:25:16.804 DEBG committing index 1085, index: 1085, raft_id: 1, tag: meta-node-id=1
Aug 22 08:25:16.814 DEBG persisted index 1086, raft_id: 1, tag: meta-node-id=1
Aug 22 08:25:16.815 DEBG committing index 1086, index: 1086, raft_id: 1, tag: meta-node-id=1
Aug 22 08:25:16.827 DEBG persisted index 1087, raft_id: 1, tag: meta-node-id=1
Aug 22 08:25:16.827 DEBG committing index 1087, index: 1087, raft_id: 1, tag: meta-node-id=1
Aug 22 08:25:16.842 DEBG persisted index 1088, raft_id: 1, tag: meta-node-id=1
Aug 22 08:25:16.842 DEBG committing index 1088, index: 1088, raft_id: 1, tag: meta-node-id=1
Aug 22 08:25:16.850 DEBG persisted index 1089, raft_id: 1, tag: meta-node-id=1
Aug 22 08:25:16.851 DEBG committing index 1089, index: 1089, raft_id: 1, tag: meta-node-id=1
Aug 22 08:25:16.858 DEBG persisted index 1090, raft_id: 1, tag: meta-node-id=1
Aug 22 08:25:16.859 DEBG committing index 1090, index: 1090, raft_id: 1, tag: meta-node-id=1
Aug 22 08:25:16.867 DEBG persisted index 1091, raft_id: 1, tag: meta-node-id=1
Aug 22 08:25:16.867 DEBG committing index 1091, index: 1091, raft_id: 1, tag: meta-node-id=1
Aug 22 08:25:16.877 DEBG persisted index 1092, raft_id: 1, tag: meta-node-id=1
Aug 22 08:25:16.877 DEBG committing index 1092, index: 1092, raft_id: 1, tag: meta-node-id=1
Aug 22 08:25:16.888 DEBG persisted index 1093, raft_id: 1, tag: meta-node-id=1
Aug 22 08:25:16.888 DEBG committing index 1093, index: 1093, raft_id: 1, tag: meta-node-id=1
Aug 22 08:25:16.892 DEBG persisted index 1094, raft_id: 1, tag: meta-node-id=1
Aug 22 08:25:16.892 DEBG committing index 1094, index: 1094, raft_id: 1, tag: meta-node-id=1
Aug 22 08:25:16.898 DEBG persisted index 1095, raft_id: 1, tag: meta-node-id=1
Aug 22 08:25:16.898 DEBG committing index 1095, index: 1095, raft_id: 1, tag: meta-node-id=1
Aug 22 08:25:16.931 DEBG persisted index 1096, raft_id: 1, tag: meta-node-id=1
Aug 22 08:25:16.931 DEBG committing index 1096, index: 1096, raft_id: 1, tag: meta-node-id=1
Aug 22 08:25:18.016 DEBG persisted index 1097, raft_id: 1, tag: meta-node-id=1
Aug 22 08:25:18.017 DEBG committing index 1097, index: 1097, raft_id: 1, tag: meta-node-id=1
Aug 22 08:25:18.089 DEBG persisted index 1098, raft_id: 1, tag: meta-node-id=1
Aug 22 08:25:18.089 DEBG committing index 1098, index: 1098, raft_id: 1, tag: meta-node-id=1
Aug 22 08:25:19.137 DEBG persisted index 1099, raft_id: 1, tag: meta-node-id=1
Aug 22 08:25:19.137 DEBG committing index 1099, index: 1099, raft_id: 1, tag: meta-node-id=1
Aug 22 08:25:19.172 DEBG persisted index 1100, raft_id: 1, tag: meta-node-id=1
Aug 22 08:25:19.172 DEBG committing index 1100, index: 1100, raft_id: 1, tag: meta-node-id=1
Aug 22 08:25:20.231 DEBG persisted index 1101, raft_id: 1, tag: meta-node-id=1
Aug 22 08:25:20.231 DEBG committing index 1101, index: 1101, raft_id: 1, tag: meta-node-id=1
Aug 22 08:25:20.244 DEBG persisted index 1102, raft_id: 1, tag: meta-node-id=1
Aug 22 08:25:20.244 DEBG committing index 1102, index: 1102, raft_id: 1, tag: meta-node-id=1
Aug 22 08:25:20.245 DEBG persisted index 1103, raft_id: 1, tag: meta-node-id=1
Aug 22 08:25:20.246 DEBG committing index 1103, index: 1103, raft_id: 1, tag: meta-node-id=1
Aug 22 08:25:20.252 DEBG persisted index 1104, raft_id: 1, tag: meta-node-id=1
Aug 22 08:25:20.252 DEBG committing index 1104, index: 1104, raft_id: 1, tag: meta-node-id=1
Aug 22 08:25:20.316 DEBG persisted index 1105, raft_id: 1, tag: meta-node-id=1
Aug 22 08:25:20.316 DEBG committing index 1105, index: 1105, raft_id: 1, tag: meta-node-id=1
Aug 22 08:25:20.501 DEBG persisted index 1106, raft_id: 1, tag: meta-node-id=1
Aug 22 08:25:20.501 DEBG committing index 1106, index: 1106, raft_id: 1, tag: meta-node-id=1
Aug 22 08:25:20.516 DEBG persisted index 1107, raft_id: 1, tag: meta-node-id=1
Aug 22 08:25:20.516 DEBG committing index 1107, index: 1107, raft_id: 1, tag: meta-node-id=1
Aug 22 08:25:20.522 DEBG persisted index 1108, raft_id: 1, tag: meta-node-id=1
Aug 22 08:25:20.522 DEBG committing index 1108, index: 1108, raft_id: 1, tag: meta-node-id=1
Aug 22 08:25:20.527 DEBG persisted index 1109, raft_id: 1, tag: meta-node-id=1
Aug 22 08:25:20.527 DEBG committing index 1109, index: 1109, raft_id: 1, tag: meta-node-id=1
Aug 22 08:25:20.532 DEBG persisted index 1110, raft_id: 1, tag: meta-node-id=1
Aug 22 08:25:20.533 DEBG committing index 1110, index: 1110, raft_id: 1, tag: meta-node-id=1
Aug 22 08:25:21.315 DEBG persisted index 1111, raft_id: 1, tag: meta-node-id=1
Aug 22 08:25:21.316 DEBG committing index 1111, index: 1111, raft_id: 1, tag: meta-node-id=1
Aug 22 08:25:21.500 DEBG persisted index 1112, raft_id: 1, tag: meta-node-id=1
Aug 22 08:25:21.500 DEBG committing index 1112, index: 1112, raft_id: 1, tag: meta-node-id=1
Aug 22 08:25:21.507 DEBG persisted index 1113, raft_id: 1, tag: meta-node-id=1
Aug 22 08:25:21.507 DEBG committing index 1113, index: 1113, raft_id: 1, tag: meta-node-id=1
Aug 22 08:25:21.515 DEBG persisted index 1114, raft_id: 1, tag: meta-node-id=1
Aug 22 08:25:21.516 DEBG committing index 1114, index: 1114, raft_id: 1, tag: meta-node-id=1
Aug 22 08:25:21.521 DEBG persisted index 1115, raft_id: 1, tag: meta-node-id=1
Aug 22 08:25:21.522 DEBG committing index 1115, index: 1115, raft_id: 1, tag: meta-node-id=1
Aug 22 08:25:21.529 DEBG persisted index 1116, raft_id: 1, tag: meta-node-id=1
Aug 22 08:25:21.530 DEBG committing index 1116, index: 1116, raft_id: 1, tag: meta-node-id=1
Aug 22 08:25:22.318 DEBG persisted index 1117, raft_id: 1, tag: meta-node-id=1
Aug 22 08:25:22.318 DEBG committing index 1117, index: 1117, raft_id: 1, tag: meta-node-id=1
Aug 22 08:25:22.537 DEBG persisted index 1118, raft_id: 1, tag: meta-node-id=1
Aug 22 08:25:22.537 DEBG committing index 1118, index: 1118, raft_id: 1, tag: meta-node-id=1
Aug 22 08:25:22.557 DEBG persisted index 1119, raft_id: 1, tag: meta-node-id=1
Aug 22 08:25:22.558 DEBG committing index 1119, index: 1119, raft_id: 1, tag: meta-node-id=1
Aug 22 08:25:22.561 DEBG persisted index 1120, raft_id: 1, tag: meta-node-id=1
Aug 22 08:25:22.562 DEBG committing index 1120, index: 1120, raft_id: 1, tag: meta-node-id=1
Aug 22 08:25:22.571 DEBG persisted index 1121, raft_id: 1, tag: meta-node-id=1
Aug 22 08:25:22.572 DEBG committing index 1121, index: 1121, raft_id: 1, tag: meta-node-id=1
Aug 22 08:25:22.582 DEBG persisted index 1122, raft_id: 1, tag: meta-node-id=1
Aug 22 08:25:22.583 DEBG committing index 1122, index: 1122, raft_id: 1, tag: meta-node-id=1
Aug 22 08:25:23.317 DEBG persisted index 1123, raft_id: 1, tag: meta-node-id=1
Aug 22 08:25:23.318 DEBG committing index 1123, index: 1123, raft_id: 1, tag: meta-node-id=1
Aug 22 08:25:23.542 DEBG persisted index 1124, raft_id: 1, tag: meta-node-id=1
Aug 22 08:25:23.542 DEBG committing index 1124, index: 1124, raft_id: 1, tag: meta-node-id=1
Aug 22 08:25:23.561 DEBG persisted index 1125, raft_id: 1, tag: meta-node-id=1
Aug 22 08:25:23.561 DEBG committing index 1125, index: 1125, raft_id: 1, tag: meta-node-id=1
Aug 22 08:25:23.567 DEBG persisted index 1126, raft_id: 1, tag: meta-node-id=1
Aug 22 08:25:23.567 DEBG committing index 1126, index: 1126, raft_id: 1, tag: meta-node-id=1
Aug 22 08:25:23.573 DEBG persisted index 1127, raft_id: 1, tag: meta-node-id=1
Aug 22 08:25:23.573 DEBG committing index 1127, index: 1127, raft_id: 1, tag: meta-node-id=1
Aug 22 08:25:23.577 DEBG persisted index 1128, raft_id: 1, tag: meta-node-id=1
Aug 22 08:25:23.578 DEBG committing index 1128, index: 1128, raft_id: 1, tag: meta-node-id=1
Aug 22 08:25:24.322 DEBG persisted index 1129, raft_id: 1, tag: meta-node-id=1
Aug 22 08:25:24.322 DEBG committing index 1129, index: 1129, raft_id: 1, tag: meta-node-id=1
Aug 22 08:25:24.563 DEBG persisted index 1130, raft_id: 1, tag: meta-node-id=1
Aug 22 08:25:24.563 DEBG committing index 1130, index: 1130, raft_id: 1, tag: meta-node-id=1
Aug 22 08:25:24.575 DEBG persisted index 1131, raft_id: 1, tag: meta-node-id=1
Aug 22 08:25:24.575 DEBG committing index 1131, index: 1131, raft_id: 1, tag: meta-node-id=1
Aug 22 08:25:24.586 DEBG persisted index 1132, raft_id: 1, tag: meta-node-id=1
Aug 22 08:25:24.586 DEBG committing index 1132, index: 1132, raft_id: 1, tag: meta-node-id=1
Aug 22 08:25:24.594 DEBG persisted index 1133, raft_id: 1, tag: meta-node-id=1
Aug 22 08:25:24.594 DEBG committing index 1133, index: 1133, raft_id: 1, tag: meta-node-id=1
Aug 22 08:25:24.600 DEBG persisted index 1134, raft_id: 1, tag: meta-node-id=1
Aug 22 08:25:24.601 DEBG committing index 1134, index: 1134, raft_id: 1, tag: meta-node-id=1
Aug 22 08:25:25.336 DEBG persisted index 1135, raft_id: 1, tag: meta-node-id=1
Aug 22 08:25:25.337 DEBG committing index 1135, index: 1135, raft_id: 1, tag: meta-node-id=1
Aug 22 08:25:25.564 DEBG persisted index 1136, raft_id: 1, tag: meta-node-id=1
Aug 22 08:25:25.564 DEBG committing index 1136, index: 1136, raft_id: 1, tag: meta-node-id=1
Aug 22 08:25:34.985 DEBG persisted index 1137, raft_id: 1, tag: meta-node-id=1
Aug 22 08:25:34.985 DEBG committing index 1137, index: 1137, raft_id: 1, tag: meta-node-id=1
Aug 22 08:25:34.986 DEBG persisted index 1138, raft_id: 1, tag: meta-node-id=1
Aug 22 08:25:34.987 DEBG committing index 1138, index: 1138, raft_id: 1, tag: meta-node-id=1
Aug 22 08:25:34.997 DEBG persisted index 1139, raft_id: 1, tag: meta-node-id=1
Aug 22 08:25:34.998 DEBG committing index 1139, index: 1139, raft_id: 1, tag: meta-node-id=1
Aug 22 08:25:34.998 DEBG persisted index 1140, raft_id: 1, tag: meta-node-id=1
Aug 22 08:25:34.998 DEBG committing index 1140, index: 1140, raft_id: 1, tag: meta-node-id=1
Aug 22 08:25:34.998 DEBG persisted index 1141, raft_id: 1, tag: meta-node-id=1
Aug 22 08:25:34.998 DEBG committing index 1141, index: 1141, raft_id: 1, tag: meta-node-id=1
Aug 22 08:25:34.998 DEBG persisted index 1142, raft_id: 1, tag: meta-node-id=1
Aug 22 08:25:34.998 DEBG committing index 1142, index: 1142, raft_id: 1, tag: meta-node-id=1
Aug 22 08:25:34.998 DEBG persisted index 1143, raft_id: 1, tag: meta-node-id=1
Aug 22 08:25:34.998 DEBG committing index 1143, index: 1143, raft_id: 1, tag: meta-node-id=1
Aug 22 08:25:34.998 DEBG persisted index 1144, raft_id: 1, tag: meta-node-id=1
Aug 22 08:25:34.998 DEBG committing index 1144, index: 1144, raft_id: 1, tag: meta-node-id=1
Aug 22 08:25:34.999 DEBG persisted index 1145, raft_id: 1, tag: meta-node-id=1
Aug 22 08:25:34.999 DEBG committing index 1145, index: 1145, raft_id: 1, tag: meta-node-id=1
Aug 22 08:25:34.999 DEBG persisted index 1146, raft_id: 1, tag: meta-node-id=1
Aug 22 08:25:34.999 DEBG committing index 1146, index: 1146, raft_id: 1, tag: meta-node-id=1
Aug 22 08:25:34.999 DEBG persisted index 1147, raft_id: 1, tag: meta-node-id=1
Aug 22 08:25:34.999 DEBG committing index 1147, index: 1147, raft_id: 1, tag: meta-node-id=1
Aug 22 08:25:35.009 DEBG persisted index 1148, raft_id: 1, tag: meta-node-id=1
Aug 22 08:25:35.010 DEBG committing index 1148, index: 1148, raft_id: 1, tag: meta-node-id=1
Aug 22 08:25:35.010 DEBG persisted index 1149, raft_id: 1, tag: meta-node-id=1
Aug 22 08:25:35.010 DEBG committing index 1149, index: 1149, raft_id: 1, tag: meta-node-id=1
Aug 22 08:25:35.010 DEBG persisted index 1150, raft_id: 1, tag: meta-node-id=1
Aug 22 08:25:35.011 DEBG committing index 1150, index: 1150, raft_id: 1, tag: meta-node-id=1
Aug 22 08:25:39.370 DEBG persisted index 1151, raft_id: 1, tag: meta-node-id=1
Aug 22 08:25:39.370 DEBG committing index 1151, index: 1151, raft_id: 1, tag: meta-node-id=1
Aug 22 08:25:39.377 DEBG persisted index 1152, raft_id: 1, tag: meta-node-id=1
Aug 22 08:25:39.378 DEBG committing index 1152, index: 1152, raft_id: 1, tag: meta-node-id=1
Aug 22 08:25:39.385 DEBG persisted index 1153, raft_id: 1, tag: meta-node-id=1
Aug 22 08:25:39.385 DEBG committing index 1153, index: 1153, raft_id: 1, tag: meta-node-id=1
Aug 22 08:25:39.389 DEBG persisted index 1154, raft_id: 1, tag: meta-node-id=1
Aug 22 08:25:39.390 DEBG committing index 1154, index: 1154, raft_id: 1, tag: meta-node-id=1
Aug 22 08:25:39.396 DEBG persisted index 1155, raft_id: 1, tag: meta-node-id=1
Aug 22 08:25:39.396 DEBG committing index 1155, index: 1155, raft_id: 1, tag: meta-node-id=1
Aug 22 08:25:39.403 DEBG persisted index 1156, raft_id: 1, tag: meta-node-id=1
Aug 22 08:25:39.403 DEBG committing index 1156, index: 1156, raft_id: 1, tag: meta-node-id=1
Aug 22 08:25:39.409 DEBG persisted index 1157, raft_id: 1, tag: meta-node-id=1
Aug 22 08:25:39.409 DEBG committing index 1157, index: 1157, raft_id: 1, tag: meta-node-id=1
Aug 22 08:25:39.419 DEBG persisted index 1158, raft_id: 1, tag: meta-node-id=1
Aug 22 08:25:39.419 DEBG committing index 1158, index: 1158, raft_id: 1, tag: meta-node-id=1
Aug 22 08:25:39.437 DEBG persisted index 1159, raft_id: 1, tag: meta-node-id=1
Aug 22 08:25:39.437 DEBG committing index 1159, index: 1159, raft_id: 1, tag: meta-node-id=1
Aug 22 08:25:39.446 DEBG persisted index 1160, raft_id: 1, tag: meta-node-id=1
Aug 22 08:25:39.446 DEBG committing index 1160, index: 1160, raft_id: 1, tag: meta-node-id=1
Aug 22 08:25:40.446 DEBG persisted index 1161, raft_id: 1, tag: meta-node-id=1
Aug 22 08:25:40.446 DEBG committing index 1161, index: 1161, raft_id: 1, tag: meta-node-id=1
Aug 22 08:25:40.455 DEBG persisted index 1162, raft_id: 1, tag: meta-node-id=1
Aug 22 08:25:40.455 DEBG committing index 1162, index: 1162, raft_id: 1, tag: meta-node-id=1
Aug 22 08:25:40.461 DEBG persisted index 1163, raft_id: 1, tag: meta-node-id=1
Aug 22 08:25:40.461 DEBG committing index 1163, index: 1163, raft_id: 1, tag: meta-node-id=1
Aug 22 08:25:40.472 DEBG persisted index 1164, raft_id: 1, tag: meta-node-id=1
Aug 22 08:25:40.472 DEBG committing index 1164, index: 1164, raft_id: 1, tag: meta-node-id=1
Aug 22 08:25:40.472 DEBG persisted index 1165, raft_id: 1, tag: meta-node-id=1
Aug 22 08:25:40.472 DEBG committing index 1165, index: 1165, raft_id: 1, tag: meta-node-id=1
Aug 22 08:25:40.477 DEBG persisted index 1166, raft_id: 1, tag: meta-node-id=1
Aug 22 08:25:40.477 DEBG committing index 1166, index: 1166, raft_id: 1, tag: meta-node-id=1
Aug 22 08:25:40.484 DEBG persisted index 1167, raft_id: 1, tag: meta-node-id=1
Aug 22 08:25:40.484 DEBG committing index 1167, index: 1167, raft_id: 1, tag: meta-node-id=1
Aug 22 08:25:40.494 DEBG persisted index 1168, raft_id: 1, tag: meta-node-id=1
Aug 22 08:25:40.496 DEBG committing index 1168, index: 1168, raft_id: 1, tag: meta-node-id=1
Aug 22 08:25:41.678 DEBG persisted index 1169, raft_id: 1, tag: meta-node-id=1
Aug 22 08:25:41.678 DEBG committing index 1169, index: 1169, raft_id: 1, tag: meta-node-id=1
Aug 22 08:25:41.687 DEBG persisted index 1170, raft_id: 1, tag: meta-node-id=1
Aug 22 08:25:41.688 DEBG committing index 1170, index: 1170, raft_id: 1, tag: meta-node-id=1
Aug 22 08:25:41.698 DEBG persisted index 1171, raft_id: 1, tag: meta-node-id=1
Aug 22 08:25:41.698 DEBG committing index 1171, index: 1171, raft_id: 1, tag: meta-node-id=1
Aug 22 08:25:41.708 DEBG persisted index 1172, raft_id: 1, tag: meta-node-id=1
Aug 22 08:25:41.709 DEBG committing index 1172, index: 1172, raft_id: 1, tag: meta-node-id=1
Aug 22 08:25:41.720 DEBG persisted index 1173, raft_id: 1, tag: meta-node-id=1
Aug 22 08:25:41.721 DEBG committing index 1173, index: 1173, raft_id: 1, tag: meta-node-id=1
Aug 22 08:25:41.729 DEBG persisted index 1174, raft_id: 1, tag: meta-node-id=1
Aug 22 08:25:41.730 DEBG committing index 1174, index: 1174, raft_id: 1, tag: meta-node-id=1
Aug 22 08:25:41.752 DEBG persisted index 1175, raft_id: 1, tag: meta-node-id=1
Aug 22 08:25:41.752 DEBG committing index 1175, index: 1175, raft_id: 1, tag: meta-node-id=1
Aug 22 08:25:41.760 DEBG persisted index 1176, raft_id: 1, tag: meta-node-id=1
Aug 22 08:25:41.760 DEBG committing index 1176, index: 1176, raft_id: 1, tag: meta-node-id=1
Aug 22 08:25:41.765 DEBG persisted index 1177, raft_id: 1, tag: meta-node-id=1
Aug 22 08:25:41.765 DEBG committing index 1177, index: 1177, raft_id: 1, tag: meta-node-id=1
Aug 22 08:25:41.772 DEBG persisted index 1178, raft_id: 1, tag: meta-node-id=1
Aug 22 08:25:41.772 DEBG committing index 1178, index: 1178, raft_id: 1, tag: meta-node-id=1
Aug 22 08:25:41.782 DEBG persisted index 1179, raft_id: 1, tag: meta-node-id=1
Aug 22 08:25:41.782 DEBG committing index 1179, index: 1179, raft_id: 1, tag: meta-node-id=1
Aug 22 08:25:41.791 DEBG persisted index 1180, raft_id: 1, tag: meta-node-id=1
Aug 22 08:25:41.791 DEBG committing index 1180, index: 1180, raft_id: 1, tag: meta-node-id=1
Aug 22 08:25:41.804 DEBG persisted index 1181, raft_id: 1, tag: meta-node-id=1
Aug 22 08:25:41.809 DEBG committing index 1181, index: 1181, raft_id: 1, tag: meta-node-id=1
Aug 22 08:25:41.813 DEBG persisted index 1182, raft_id: 1, tag: meta-node-id=1
Aug 22 08:25:41.813 DEBG committing index 1182, index: 1182, raft_id: 1, tag: meta-node-id=1
Aug 22 08:25:41.826 DEBG persisted index 1183, raft_id: 1, tag: meta-node-id=1
Aug 22 08:25:41.826 DEBG committing index 1183, index: 1183, raft_id: 1, tag: meta-node-id=1
Aug 22 08:25:41.833 DEBG persisted index 1184, raft_id: 1, tag: meta-node-id=1
Aug 22 08:25:41.843 DEBG committing index 1184, index: 1184, raft_id: 1, tag: meta-node-id=1
Aug 22 08:25:41.843 DEBG persisted index 1185, raft_id: 1, tag: meta-node-id=1
Aug 22 08:25:41.844 DEBG committing index 1185, index: 1185, raft_id: 1, tag: meta-node-id=1
Aug 22 08:25:41.849 DEBG persisted index 1186, raft_id: 1, tag: meta-node-id=1
Aug 22 08:25:41.849 DEBG committing index 1186, index: 1186, raft_id: 1, tag: meta-node-id=1
Aug 22 08:25:41.859 DEBG persisted index 1187, raft_id: 1, tag: meta-node-id=1
Aug 22 08:25:41.861 DEBG committing index 1187, index: 1187, raft_id: 1, tag: meta-node-id=1
Aug 22 08:25:41.882 DEBG persisted index 1188, raft_id: 1, tag: meta-node-id=1
Aug 22 08:25:41.882 DEBG committing index 1188, index: 1188, raft_id: 1, tag: meta-node-id=1
Aug 22 08:25:41.892 DEBG persisted index 1189, raft_id: 1, tag: meta-node-id=1
Aug 22 08:25:41.893 DEBG committing index 1189, index: 1189, raft_id: 1, tag: meta-node-id=1
Aug 22 08:25:41.895 DEBG persisted index 1190, raft_id: 1, tag: meta-node-id=1
Aug 22 08:25:41.895 DEBG committing index 1190, index: 1190, raft_id: 1, tag: meta-node-id=1
Aug 22 08:25:41.923 DEBG persisted index 1191, raft_id: 1, tag: meta-node-id=1
Aug 22 08:25:41.923 DEBG committing index 1191, index: 1191, raft_id: 1, tag: meta-node-id=1
Aug 22 08:25:43.076 DEBG persisted index 1192, raft_id: 1, tag: meta-node-id=1
Aug 22 08:25:43.077 DEBG committing index 1192, index: 1192, raft_id: 1, tag: meta-node-id=1
Aug 22 08:25:43.117 DEBG persisted index 1193, raft_id: 1, tag: meta-node-id=1
Aug 22 08:25:43.117 DEBG committing index 1193, index: 1193, raft_id: 1, tag: meta-node-id=1
Aug 22 08:25:43.363 DEBG persisted index 1194, raft_id: 1, tag: meta-node-id=1
Aug 22 08:25:43.363 DEBG committing index 1194, index: 1194, raft_id: 1, tag: meta-node-id=1
Aug 22 08:25:44.276 DEBG persisted index 1195, raft_id: 1, tag: meta-node-id=1
Aug 22 08:25:44.276 DEBG committing index 1195, index: 1195, raft_id: 1, tag: meta-node-id=1
Aug 22 08:25:44.305 DEBG persisted index 1196, raft_id: 1, tag: meta-node-id=1
Aug 22 08:25:44.305 DEBG committing index 1196, index: 1196, raft_id: 1, tag: meta-node-id=1
Aug 22 08:25:45.477 DEBG persisted index 1197, raft_id: 1, tag: meta-node-id=1
Aug 22 08:25:45.477 DEBG committing index 1197, index: 1197, raft_id: 1, tag: meta-node-id=1
Aug 22 08:25:45.486 DEBG persisted index 1198, raft_id: 1, tag: meta-node-id=1
Aug 22 08:25:45.490 DEBG committing index 1198, index: 1198, raft_id: 1, tag: meta-node-id=1
Aug 22 08:25:45.492 DEBG persisted index 1199, raft_id: 1, tag: meta-node-id=1
Aug 22 08:25:45.493 DEBG committing index 1199, index: 1199, raft_id: 1, tag: meta-node-id=1
Aug 22 08:25:45.497 DEBG persisted index 1200, raft_id: 1, tag: meta-node-id=1
Aug 22 08:25:45.498 DEBG committing index 1200, index: 1200, raft_id: 1, tag: meta-node-id=1
Aug 22 08:25:45.663 DEBG persisted index 1201, raft_id: 1, tag: meta-node-id=1
Aug 22 08:25:45.663 DEBG committing index 1201, index: 1201, raft_id: 1, tag: meta-node-id=1
Aug 22 08:25:46.372 DEBG persisted index 1202, raft_id: 1, tag: meta-node-id=1
Aug 22 08:25:46.372 DEBG committing index 1202, index: 1202, raft_id: 1, tag: meta-node-id=1
Aug 22 08:25:46.392 DEBG persisted index 1203, raft_id: 1, tag: meta-node-id=1
Aug 22 08:25:46.392 DEBG committing index 1203, index: 1203, raft_id: 1, tag: meta-node-id=1
Aug 22 08:25:46.403 DEBG persisted index 1204, raft_id: 1, tag: meta-node-id=1
Aug 22 08:25:46.403 DEBG committing index 1204, index: 1204, raft_id: 1, tag: meta-node-id=1
Aug 22 08:25:46.403 DEBG persisted index 1205, raft_id: 1, tag: meta-node-id=1
Aug 22 08:25:46.403 DEBG committing index 1205, index: 1205, raft_id: 1, tag: meta-node-id=1
Aug 22 08:25:46.408 DEBG persisted index 1206, raft_id: 1, tag: meta-node-id=1
Aug 22 08:25:46.408 DEBG committing index 1206, index: 1206, raft_id: 1, tag: meta-node-id=1
Aug 22 08:25:46.651 DEBG persisted index 1207, raft_id: 1, tag: meta-node-id=1
Aug 22 08:25:46.651 DEBG committing index 1207, index: 1207, raft_id: 1, tag: meta-node-id=1
Aug 22 08:25:47.373 DEBG persisted index 1208, raft_id: 1, tag: meta-node-id=1
Aug 22 08:25:47.374 DEBG committing index 1208, index: 1208, raft_id: 1, tag: meta-node-id=1
Aug 22 08:25:47.382 DEBG persisted index 1209, raft_id: 1, tag: meta-node-id=1
Aug 22 08:25:47.389 DEBG committing index 1209, index: 1209, raft_id: 1, tag: meta-node-id=1
Aug 22 08:25:47.393 DEBG persisted index 1210, raft_id: 1, tag: meta-node-id=1
Aug 22 08:25:47.393 DEBG committing index 1210, index: 1210, raft_id: 1, tag: meta-node-id=1
Aug 22 08:25:47.399 DEBG persisted index 1211, raft_id: 1, tag: meta-node-id=1
Aug 22 08:25:47.399 DEBG committing index 1211, index: 1211, raft_id: 1, tag: meta-node-id=1
Aug 22 08:25:47.402 DEBG persisted index 1212, raft_id: 1, tag: meta-node-id=1
Aug 22 08:25:47.402 DEBG committing index 1212, index: 1212, raft_id: 1, tag: meta-node-id=1
Aug 22 08:25:47.661 DEBG persisted index 1213, raft_id: 1, tag: meta-node-id=1
Aug 22 08:25:47.661 DEBG committing index 1213, index: 1213, raft_id: 1, tag: meta-node-id=1
Aug 22 08:25:48.386 DEBG persisted index 1214, raft_id: 1, tag: meta-node-id=1
Aug 22 08:25:48.386 DEBG committing index 1214, index: 1214, raft_id: 1, tag: meta-node-id=1
Aug 22 08:25:48.407 DEBG persisted index 1215, raft_id: 1, tag: meta-node-id=1
Aug 22 08:25:48.407 DEBG committing index 1215, index: 1215, raft_id: 1, tag: meta-node-id=1
Aug 22 08:25:48.407 DEBG persisted index 1216, raft_id: 1, tag: meta-node-id=1
Aug 22 08:25:48.407 DEBG committing index 1216, index: 1216, raft_id: 1, tag: meta-node-id=1
Aug 22 08:25:48.417 DEBG persisted index 1217, raft_id: 1, tag: meta-node-id=1
Aug 22 08:25:48.418 DEBG committing index 1217, index: 1217, raft_id: 1, tag: meta-node-id=1
Aug 22 08:25:48.428 DEBG persisted index 1218, raft_id: 1, tag: meta-node-id=1
Aug 22 08:25:48.428 DEBG committing index 1218, index: 1218, raft_id: 1, tag: meta-node-id=1
Aug 22 08:25:48.661 DEBG persisted index 1219, raft_id: 1, tag: meta-node-id=1
Aug 22 08:25:48.661 DEBG committing index 1219, index: 1219, raft_id: 1, tag: meta-node-id=1
Aug 22 08:25:49.378 DEBG persisted index 1220, raft_id: 1, tag: meta-node-id=1
Aug 22 08:25:49.378 DEBG committing index 1220, index: 1220, raft_id: 1, tag: meta-node-id=1
Aug 22 08:25:49.388 DEBG persisted index 1221, raft_id: 1, tag: meta-node-id=1
Aug 22 08:25:49.389 DEBG committing index 1221, index: 1221, raft_id: 1, tag: meta-node-id=1
Aug 22 08:25:49.399 DEBG persisted index 1222, raft_id: 1, tag: meta-node-id=1
Aug 22 08:25:49.399 DEBG committing index 1222, index: 1222, raft_id: 1, tag: meta-node-id=1
Aug 22 08:25:49.409 DEBG persisted index 1223, raft_id: 1, tag: meta-node-id=1
Aug 22 08:25:49.410 DEBG committing index 1223, index: 1223, raft_id: 1, tag: meta-node-id=1
Aug 22 08:25:49.410 DEBG persisted index 1224, raft_id: 1, tag: meta-node-id=1
Aug 22 08:25:49.410 DEBG committing index 1224, index: 1224, raft_id: 1, tag: meta-node-id=1
Aug 22 08:25:49.666 DEBG persisted index 1225, raft_id: 1, tag: meta-node-id=1
Aug 22 08:25:49.666 DEBG committing index 1225, index: 1225, raft_id: 1, tag: meta-node-id=1
Aug 22 08:25:50.381 DEBG persisted index 1226, raft_id: 1, tag: meta-node-id=1
Aug 22 08:25:50.382 DEBG committing index 1226, index: 1226, raft_id: 1, tag: meta-node-id=1
Aug 22 08:25:50.402 DEBG persisted index 1227, raft_id: 1, tag: meta-node-id=1
Aug 22 08:25:50.402 DEBG committing index 1227, index: 1227, raft_id: 1, tag: meta-node-id=1
Aug 22 08:25:50.412 DEBG persisted index 1228, raft_id: 1, tag: meta-node-id=1
Aug 22 08:25:50.413 DEBG committing index 1228, index: 1228, raft_id: 1, tag: meta-node-id=1
Aug 22 08:25:50.423 DEBG persisted index 1229, raft_id: 1, tag: meta-node-id=1
Aug 22 08:25:50.423 DEBG committing index 1229, index: 1229, raft_id: 1, tag: meta-node-id=1
Aug 22 08:25:50.433 DEBG persisted index 1230, raft_id: 1, tag: meta-node-id=1
Aug 22 08:25:50.434 DEBG committing index 1230, index: 1230, raft_id: 1, tag: meta-node-id=1
Aug 22 08:25:50.671 DEBG persisted index 1231, raft_id: 1, tag: meta-node-id=1
Aug 22 08:25:50.671 DEBG committing index 1231, index: 1231, raft_id: 1, tag: meta-node-id=1
Aug 22 08:25:51.386 DEBG persisted index 1232, raft_id: 1, tag: meta-node-id=1
Aug 22 08:25:51.386 DEBG committing index 1232, index: 1232, raft_id: 1, tag: meta-node-id=1
Aug 22 08:26:29.080 DEBG persisted index 1233, raft_id: 1, tag: meta-node-id=1
Aug 22 08:26:29.081 DEBG committing index 1233, index: 1233, raft_id: 1, tag: meta-node-id=1
Aug 22 08:26:29.081 DEBG persisted index 1234, raft_id: 1, tag: meta-node-id=1
Aug 22 08:26:29.082 DEBG committing index 1234, index: 1234, raft_id: 1, tag: meta-node-id=1
Aug 22 08:26:29.082 DEBG persisted index 1235, raft_id: 1, tag: meta-node-id=1
Aug 22 08:26:29.082 DEBG committing index 1235, index: 1235, raft_id: 1, tag: meta-node-id=1
Aug 22 08:26:29.083 DEBG persisted index 1236, raft_id: 1, tag: meta-node-id=1
Aug 22 08:26:29.083 DEBG committing index 1236, index: 1236, raft_id: 1, tag: meta-node-id=1
Aug 22 08:26:29.084 DEBG persisted index 1237, raft_id: 1, tag: meta-node-id=1
Aug 22 08:26:29.084 DEBG committing index 1237, index: 1237, raft_id: 1, tag: meta-node-id=1
Aug 22 08:26:29.085 DEBG persisted index 1238, raft_id: 1, tag: meta-node-id=1
Aug 22 08:26:29.085 DEBG committing index 1238, index: 1238, raft_id: 1, tag: meta-node-id=1
Aug 22 08:26:29.085 DEBG persisted index 1239, raft_id: 1, tag: meta-node-id=1
Aug 22 08:26:29.086 DEBG committing index 1239, index: 1239, raft_id: 1, tag: meta-node-id=1
Aug 22 08:26:29.087 DEBG persisted index 1240, raft_id: 1, tag: meta-node-id=1
Aug 22 08:26:29.087 DEBG committing index 1240, index: 1240, raft_id: 1, tag: meta-node-id=1
Aug 22 08:26:29.088 DEBG persisted index 1241, raft_id: 1, tag: meta-node-id=1
Aug 22 08:26:29.089 DEBG committing index 1241, index: 1241, raft_id: 1, tag: meta-node-id=1
Aug 22 08:26:29.089 DEBG persisted index 1242, raft_id: 1, tag: meta-node-id=1
Aug 22 08:26:29.089 DEBG committing index 1242, index: 1242, raft_id: 1, tag: meta-node-id=1
Aug 22 08:26:29.089 DEBG persisted index 1243, raft_id: 1, tag: meta-node-id=1
Aug 22 08:26:29.089 DEBG committing index 1243, index: 1243, raft_id: 1, tag: meta-node-id=1
Aug 22 08:26:29.092 DEBG persisted index 1244, raft_id: 1, tag: meta-node-id=1
Aug 22 08:26:29.092 DEBG committing index 1244, index: 1244, raft_id: 1, tag: meta-node-id=1
Aug 22 08:26:29.093 DEBG persisted index 1245, raft_id: 1, tag: meta-node-id=1
Aug 22 08:26:29.093 DEBG committing index 1245, index: 1245, raft_id: 1, tag: meta-node-id=1
Aug 22 08:26:29.098 DEBG persisted index 1246, raft_id: 1, tag: meta-node-id=1
Aug 22 08:26:29.098 DEBG committing index 1246, index: 1246, raft_id: 1, tag: meta-node-id=1
Aug 22 08:26:34.325 DEBG persisted index 1247, raft_id: 1, tag: meta-node-id=1
Aug 22 08:26:34.325 DEBG committing index 1247, index: 1247, raft_id: 1, tag: meta-node-id=1
Aug 22 08:26:34.331 DEBG persisted index 1248, raft_id: 1, tag: meta-node-id=1
Aug 22 08:26:34.331 DEBG committing index 1248, index: 1248, raft_id: 1, tag: meta-node-id=1
Aug 22 08:26:34.337 DEBG persisted index 1249, raft_id: 1, tag: meta-node-id=1
Aug 22 08:26:34.338 DEBG committing index 1249, index: 1249, raft_id: 1, tag: meta-node-id=1
Aug 22 08:26:34.346 DEBG persisted index 1250, raft_id: 1, tag: meta-node-id=1
Aug 22 08:26:34.346 DEBG committing index 1250, index: 1250, raft_id: 1, tag: meta-node-id=1
Aug 22 08:26:34.357 DEBG persisted index 1251, raft_id: 1, tag: meta-node-id=1
Aug 22 08:26:34.358 DEBG committing index 1251, index: 1251, raft_id: 1, tag: meta-node-id=1
Aug 22 08:26:34.378 DEBG persisted index 1252, raft_id: 1, tag: meta-node-id=1
Aug 22 08:26:34.378 DEBG committing index 1252, index: 1252, raft_id: 1, tag: meta-node-id=1
Aug 22 08:26:34.387 DEBG persisted index 1253, raft_id: 1, tag: meta-node-id=1
Aug 22 08:26:34.388 DEBG committing index 1253, index: 1253, raft_id: 1, tag: meta-node-id=1
Aug 22 08:26:34.409 DEBG persisted index 1254, raft_id: 1, tag: meta-node-id=1
Aug 22 08:26:34.409 DEBG committing index 1254, index: 1254, raft_id: 1, tag: meta-node-id=1
Aug 22 08:26:34.441 DEBG persisted index 1255, raft_id: 1, tag: meta-node-id=1
Aug 22 08:26:34.441 DEBG committing index 1255, index: 1255, raft_id: 1, tag: meta-node-id=1
Aug 22 08:26:34.467 DEBG persisted index 1256, raft_id: 1, tag: meta-node-id=1
Aug 22 08:26:34.467 DEBG committing index 1256, index: 1256, raft_id: 1, tag: meta-node-id=1
Aug 22 08:26:34.488 DEBG persisted index 1257, raft_id: 1, tag: meta-node-id=1
Aug 22 08:26:34.488 DEBG committing index 1257, index: 1257, raft_id: 1, tag: meta-node-id=1
Aug 22 08:26:34.496 DEBG persisted index 1258, raft_id: 1, tag: meta-node-id=1
Aug 22 08:26:34.496 DEBG committing index 1258, index: 1258, raft_id: 1, tag: meta-node-id=1
Aug 22 08:26:35.496 DEBG persisted index 1259, raft_id: 1, tag: meta-node-id=1
Aug 22 08:26:35.496 DEBG committing index 1259, index: 1259, raft_id: 1, tag: meta-node-id=1
Aug 22 08:26:35.503 DEBG persisted index 1260, raft_id: 1, tag: meta-node-id=1
Aug 22 08:26:35.503 DEBG committing index 1260, index: 1260, raft_id: 1, tag: meta-node-id=1
Aug 22 08:26:35.511 DEBG persisted index 1261, raft_id: 1, tag: meta-node-id=1
Aug 22 08:26:35.511 DEBG committing index 1261, index: 1261, raft_id: 1, tag: meta-node-id=1
Aug 22 08:26:35.520 DEBG persisted index 1262, raft_id: 1, tag: meta-node-id=1
Aug 22 08:26:35.520 DEBG committing index 1262, index: 1262, raft_id: 1, tag: meta-node-id=1
Aug 22 08:26:36.671 DEBG persisted index 1263, raft_id: 1, tag: meta-node-id=1
Aug 22 08:26:36.671 DEBG committing index 1263, index: 1263, raft_id: 1, tag: meta-node-id=1
Aug 22 08:26:36.684 DEBG persisted index 1264, raft_id: 1, tag: meta-node-id=1
Aug 22 08:26:36.684 DEBG committing index 1264, index: 1264, raft_id: 1, tag: meta-node-id=1
Aug 22 08:26:37.869 DEBG persisted index 1265, raft_id: 1, tag: meta-node-id=1
Aug 22 08:26:37.869 DEBG committing index 1265, index: 1265, raft_id: 1, tag: meta-node-id=1
Aug 22 08:26:37.875 DEBG persisted index 1266, raft_id: 1, tag: meta-node-id=1
Aug 22 08:26:37.875 DEBG committing index 1266, index: 1266, raft_id: 1, tag: meta-node-id=1
Aug 22 08:26:37.884 DEBG persisted index 1267, raft_id: 1, tag: meta-node-id=1
Aug 22 08:26:37.884 DEBG committing index 1267, index: 1267, raft_id: 1, tag: meta-node-id=1
Aug 22 08:26:37.890 DEBG persisted index 1268, raft_id: 1, tag: meta-node-id=1
Aug 22 08:26:37.890 DEBG committing index 1268, index: 1268, raft_id: 1, tag: meta-node-id=1
Aug 22 08:26:37.899 DEBG persisted index 1269, raft_id: 1, tag: meta-node-id=1
Aug 22 08:26:37.899 DEBG committing index 1269, index: 1269, raft_id: 1, tag: meta-node-id=1
Aug 22 08:26:37.910 DEBG persisted index 1270, raft_id: 1, tag: meta-node-id=1
Aug 22 08:26:37.911 DEBG committing index 1270, index: 1270, raft_id: 1, tag: meta-node-id=1
Aug 22 08:26:37.922 DEBG persisted index 1271, raft_id: 1, tag: meta-node-id=1
Aug 22 08:26:37.923 DEBG committing index 1271, index: 1271, raft_id: 1, tag: meta-node-id=1
Aug 22 08:26:37.934 DEBG persisted index 1272, raft_id: 1, tag: meta-node-id=1
Aug 22 08:26:37.935 DEBG committing index 1272, index: 1272, raft_id: 1, tag: meta-node-id=1
Aug 22 08:26:37.958 DEBG persisted index 1273, raft_id: 1, tag: meta-node-id=1
Aug 22 08:26:37.958 DEBG committing index 1273, index: 1273, raft_id: 1, tag: meta-node-id=1
Aug 22 08:26:37.977 DEBG persisted index 1274, raft_id: 1, tag: meta-node-id=1
Aug 22 08:26:37.978 DEBG committing index 1274, index: 1274, raft_id: 1, tag: meta-node-id=1
Aug 22 08:26:38.008 DEBG persisted index 1275, raft_id: 1, tag: meta-node-id=1
Aug 22 08:26:38.009 DEBG committing index 1275, index: 1275, raft_id: 1, tag: meta-node-id=1
Aug 22 08:27:17.628 DEBG persisted index 1276, raft_id: 1, tag: meta-node-id=1
Aug 22 08:27:17.629 DEBG committing index 1276, index: 1276, raft_id: 1, tag: meta-node-id=1
Aug 22 08:27:18.427 DEBG persisted index 1277, raft_id: 1, tag: meta-node-id=1
Aug 22 08:27:18.427 DEBG committing index 1277, index: 1277, raft_id: 1, tag: meta-node-id=1
Aug 22 08:27:18.429 DEBG persisted index 1278, raft_id: 1, tag: meta-node-id=1
Aug 22 08:27:18.429 DEBG committing index 1278, index: 1278, raft_id: 1, tag: meta-node-id=1
Aug 22 08:27:18.430 DEBG persisted index 1279, raft_id: 1, tag: meta-node-id=1
Aug 22 08:27:18.430 DEBG committing index 1279, index: 1279, raft_id: 1, tag: meta-node-id=1
Aug 22 08:27:18.430 DEBG persisted index 1280, raft_id: 1, tag: meta-node-id=1
Aug 22 08:27:18.431 DEBG committing index 1280, index: 1280, raft_id: 1, tag: meta-node-id=1
Aug 22 08:27:18.431 DEBG persisted index 1281, raft_id: 1, tag: meta-node-id=1
Aug 22 08:27:18.431 DEBG committing index 1281, index: 1281, raft_id: 1, tag: meta-node-id=1
Aug 22 08:27:18.432 DEBG persisted index 1282, raft_id: 1, tag: meta-node-id=1
Aug 22 08:27:18.432 DEBG committing index 1282, index: 1282, raft_id: 1, tag: meta-node-id=1
Aug 22 08:27:18.433 DEBG persisted index 1283, raft_id: 1, tag: meta-node-id=1
Aug 22 08:27:18.433 DEBG committing index 1283, index: 1283, raft_id: 1, tag: meta-node-id=1
Aug 22 08:27:18.433 DEBG persisted index 1284, raft_id: 1, tag: meta-node-id=1
Aug 22 08:27:18.434 DEBG committing index 1284, index: 1284, raft_id: 1, tag: meta-node-id=1
Aug 22 08:27:18.434 DEBG persisted index 1285, raft_id: 1, tag: meta-node-id=1
Aug 22 08:27:18.434 DEBG committing index 1285, index: 1285, raft_id: 1, tag: meta-node-id=1
Aug 22 08:27:18.435 DEBG persisted index 1286, raft_id: 1, tag: meta-node-id=1
Aug 22 08:27:18.436 DEBG committing index 1286, index: 1286, raft_id: 1, tag: meta-node-id=1
Aug 22 08:27:18.436 DEBG persisted index 1287, raft_id: 1, tag: meta-node-id=1
Aug 22 08:27:18.436 DEBG committing index 1287, index: 1287, raft_id: 1, tag: meta-node-id=1
Aug 22 08:27:18.438 DEBG persisted index 1288, raft_id: 1, tag: meta-node-id=1
Aug 22 08:27:18.439 DEBG committing index 1288, index: 1288, raft_id: 1, tag: meta-node-id=1
Aug 22 08:27:18.443 DEBG persisted index 1289, raft_id: 1, tag: meta-node-id=1
Aug 22 08:27:18.443 DEBG committing index 1289, index: 1289, raft_id: 1, tag: meta-node-id=1
Aug 22 08:27:18.444 DEBG persisted index 1290, raft_id: 1, tag: meta-node-id=1
Aug 22 08:27:18.444 DEBG committing index 1290, index: 1290, raft_id: 1, tag: meta-node-id=1
Aug 22 08:27:23.368 DEBG persisted index 1291, raft_id: 1, tag: meta-node-id=1
Aug 22 08:27:23.368 DEBG committing index 1291, index: 1291, raft_id: 1, tag: meta-node-id=1
Aug 22 08:27:23.399 DEBG persisted index 1292, raft_id: 1, tag: meta-node-id=1
Aug 22 08:27:23.399 DEBG committing index 1292, index: 1292, raft_id: 1, tag: meta-node-id=1
Aug 22 08:27:23.406 DEBG persisted index 1293, raft_id: 1, tag: meta-node-id=1
Aug 22 08:27:23.406 DEBG committing index 1293, index: 1293, raft_id: 1, tag: meta-node-id=1
Aug 22 08:27:23.411 DEBG persisted index 1294, raft_id: 1, tag: meta-node-id=1
Aug 22 08:27:23.411 DEBG committing index 1294, index: 1294, raft_id: 1, tag: meta-node-id=1
Aug 22 08:27:23.420 DEBG persisted index 1295, raft_id: 1, tag: meta-node-id=1
Aug 22 08:27:23.420 DEBG committing index 1295, index: 1295, raft_id: 1, tag: meta-node-id=1
Aug 22 08:27:23.426 DEBG persisted index 1296, raft_id: 1, tag: meta-node-id=1
Aug 22 08:27:23.427 DEBG committing index 1296, index: 1296, raft_id: 1, tag: meta-node-id=1
Aug 22 08:27:23.434 DEBG persisted index 1297, raft_id: 1, tag: meta-node-id=1
Aug 22 08:27:23.434 DEBG committing index 1297, index: 1297, raft_id: 1, tag: meta-node-id=1
Aug 22 08:27:23.447 DEBG persisted index 1298, raft_id: 1, tag: meta-node-id=1
Aug 22 08:27:23.447 DEBG committing index 1298, index: 1298, raft_id: 1, tag: meta-node-id=1
Aug 22 08:27:23.466 DEBG persisted index 1299, raft_id: 1, tag: meta-node-id=1
Aug 22 08:27:23.466 DEBG committing index 1299, index: 1299, raft_id: 1, tag: meta-node-id=1
Aug 22 08:27:23.466 DEBG persisted index 1300, raft_id: 1, tag: meta-node-id=1
Aug 22 08:27:23.467 DEBG committing index 1300, index: 1300, raft_id: 1, tag: meta-node-id=1
Aug 22 08:27:24.462 DEBG persisted index 1301, raft_id: 1, tag: meta-node-id=1
Aug 22 08:27:24.462 DEBG committing index 1301, index: 1301, raft_id: 1, tag: meta-node-id=1
Aug 22 08:27:24.468 DEBG persisted index 1302, raft_id: 1, tag: meta-node-id=1
Aug 22 08:27:24.469 DEBG committing index 1302, index: 1302, raft_id: 1, tag: meta-node-id=1
Aug 22 08:27:24.476 DEBG persisted index 1303, raft_id: 1, tag: meta-node-id=1
Aug 22 08:27:24.476 DEBG committing index 1303, index: 1303, raft_id: 1, tag: meta-node-id=1
Aug 22 08:27:24.525 DEBG persisted index 1304, raft_id: 1, tag: meta-node-id=1
Aug 22 08:27:24.526 DEBG committing index 1304, index: 1304, raft_id: 1, tag: meta-node-id=1
Aug 22 08:27:24.530 DEBG persisted index 1305, raft_id: 1, tag: meta-node-id=1
Aug 22 08:27:24.530 DEBG committing index 1305, index: 1305, raft_id: 1, tag: meta-node-id=1
Aug 22 08:27:24.561 DEBG persisted index 1306, raft_id: 1, tag: meta-node-id=1
Aug 22 08:27:24.561 DEBG committing index 1306, index: 1306, raft_id: 1, tag: meta-node-id=1
Aug 22 08:27:24.567 DEBG persisted index 1307, raft_id: 1, tag: meta-node-id=1
Aug 22 08:27:24.567 DEBG committing index 1307, index: 1307, raft_id: 1, tag: meta-node-id=1
Aug 22 08:27:24.578 DEBG persisted index 1308, raft_id: 1, tag: meta-node-id=1
Aug 22 08:27:24.579 DEBG committing index 1308, index: 1308, raft_id: 1, tag: meta-node-id=1
Aug 22 08:27:25.755 DEBG persisted index 1309, raft_id: 1, tag: meta-node-id=1
Aug 22 08:27:25.755 DEBG committing index 1309, index: 1309, raft_id: 1, tag: meta-node-id=1
Aug 22 08:27:25.766 DEBG persisted index 1310, raft_id: 1, tag: meta-node-id=1
Aug 22 08:27:25.766 DEBG committing index 1310, index: 1310, raft_id: 1, tag: meta-node-id=1
Aug 22 08:27:25.775 DEBG persisted index 1311, raft_id: 1, tag: meta-node-id=1
Aug 22 08:27:25.775 DEBG committing index 1311, index: 1311, raft_id: 1, tag: meta-node-id=1
Aug 22 08:27:25.782 DEBG persisted index 1312, raft_id: 1, tag: meta-node-id=1
Aug 22 08:27:25.790 DEBG committing index 1312, index: 1312, raft_id: 1, tag: meta-node-id=1
Aug 22 08:27:25.799 DEBG persisted index 1313, raft_id: 1, tag: meta-node-id=1
Aug 22 08:27:25.799 DEBG committing index 1313, index: 1313, raft_id: 1, tag: meta-node-id=1
Aug 22 08:27:25.812 DEBG persisted index 1314, raft_id: 1, tag: meta-node-id=1
Aug 22 08:27:25.812 DEBG committing index 1314, index: 1314, raft_id: 1, tag: meta-node-id=1
Aug 22 08:27:25.869 DEBG persisted index 1315, raft_id: 1, tag: meta-node-id=1
Aug 22 08:27:25.869 DEBG committing index 1315, index: 1315, raft_id: 1, tag: meta-node-id=1
Aug 22 08:27:25.899 DEBG persisted index 1316, raft_id: 1, tag: meta-node-id=1
Aug 22 08:27:25.899 DEBG committing index 1316, index: 1316, raft_id: 1, tag: meta-node-id=1
Aug 22 08:27:26.828 DEBG persisted index 1317, raft_id: 1, tag: meta-node-id=1
Aug 22 08:27:26.828 DEBG committing index 1317, index: 1317, raft_id: 1, tag: meta-node-id=1
Aug 22 08:27:26.839 DEBG persisted index 1318, raft_id: 1, tag: meta-node-id=1
Aug 22 08:27:26.839 DEBG committing index 1318, index: 1318, raft_id: 1, tag: meta-node-id=1
Aug 22 08:27:26.861 DEBG persisted index 1319, raft_id: 1, tag: meta-node-id=1
Aug 22 08:27:26.862 DEBG committing index 1319, index: 1319, raft_id: 1, tag: meta-node-id=1
Aug 22 08:27:26.872 DEBG persisted index 1320, raft_id: 1, tag: meta-node-id=1
Aug 22 08:27:26.872 DEBG committing index 1320, index: 1320, raft_id: 1, tag: meta-node-id=1
Aug 22 08:27:26.876 DEBG persisted index 1321, raft_id: 1, tag: meta-node-id=1
Aug 22 08:27:26.876 DEBG committing index 1321, index: 1321, raft_id: 1, tag: meta-node-id=1
Aug 22 08:27:26.882 DEBG persisted index 1322, raft_id: 1, tag: meta-node-id=1
Aug 22 08:27:26.883 DEBG committing index 1322, index: 1322, raft_id: 1, tag: meta-node-id=1
Aug 22 08:27:26.899 DEBG persisted index 1323, raft_id: 1, tag: meta-node-id=1
Aug 22 08:27:26.899 DEBG committing index 1323, index: 1323, raft_id: 1, tag: meta-node-id=1
Aug 22 08:27:26.921 DEBG persisted index 1324, raft_id: 1, tag: meta-node-id=1
Aug 22 08:27:26.922 DEBG committing index 1324, index: 1324, raft_id: 1, tag: meta-node-id=1
Aug 22 08:27:26.934 DEBG persisted index 1325, raft_id: 1, tag: meta-node-id=1
Aug 22 08:27:26.935 DEBG committing index 1325, index: 1325, raft_id: 1, tag: meta-node-id=1
Aug 22 08:27:26.942 DEBG persisted index 1326, raft_id: 1, tag: meta-node-id=1
Aug 22 08:27:26.942 DEBG committing index 1326, index: 1326, raft_id: 1, tag: meta-node-id=1
Aug 22 08:27:26.949 DEBG persisted index 1327, raft_id: 1, tag: meta-node-id=1
Aug 22 08:27:26.950 DEBG committing index 1327, index: 1327, raft_id: 1, tag: meta-node-id=1
Aug 22 08:27:26.964 DEBG persisted index 1328, raft_id: 1, tag: meta-node-id=1
Aug 22 08:27:26.965 DEBG committing index 1328, index: 1328, raft_id: 1, tag: meta-node-id=1
Aug 22 08:27:26.975 DEBG persisted index 1329, raft_id: 1, tag: meta-node-id=1
Aug 22 08:27:26.975 DEBG committing index 1329, index: 1329, raft_id: 1, tag: meta-node-id=1
Aug 22 08:27:26.985 DEBG persisted index 1330, raft_id: 1, tag: meta-node-id=1
Aug 22 08:27:26.985 DEBG committing index 1330, index: 1330, raft_id: 1, tag: meta-node-id=1
Aug 22 08:27:27.005 DEBG persisted index 1331, raft_id: 1, tag: meta-node-id=1
Aug 22 08:27:27.006 DEBG committing index 1331, index: 1331, raft_id: 1, tag: meta-node-id=1
Aug 22 08:27:28.138 DEBG persisted index 1332, raft_id: 1, tag: meta-node-id=1
Aug 22 08:27:28.138 DEBG committing index 1332, index: 1332, raft_id: 1, tag: meta-node-id=1
Aug 22 08:27:28.222 DEBG persisted index 1333, raft_id: 1, tag: meta-node-id=1
Aug 22 08:27:28.222 DEBG committing index 1333, index: 1333, raft_id: 1, tag: meta-node-id=1
Aug 22 08:27:29.338 DEBG persisted index 1334, raft_id: 1, tag: meta-node-id=1
Aug 22 08:27:29.339 DEBG committing index 1334, index: 1334, raft_id: 1, tag: meta-node-id=1
Aug 22 08:27:29.393 DEBG persisted index 1335, raft_id: 1, tag: meta-node-id=1
Aug 22 08:27:29.393 DEBG committing index 1335, index: 1335, raft_id: 1, tag: meta-node-id=1
Aug 22 08:27:30.565 DEBG persisted index 1336, raft_id: 1, tag: meta-node-id=1
Aug 22 08:27:30.565 DEBG committing index 1336, index: 1336, raft_id: 1, tag: meta-node-id=1
Aug 22 08:27:30.571 DEBG persisted index 1337, raft_id: 1, tag: meta-node-id=1
Aug 22 08:27:30.571 DEBG committing index 1337, index: 1337, raft_id: 1, tag: meta-node-id=1
Aug 22 08:27:30.602 DEBG persisted index 1338, raft_id: 1, tag: meta-node-id=1
Aug 22 08:27:30.602 DEBG committing index 1338, index: 1338, raft_id: 1, tag: meta-node-id=1
Aug 22 08:27:30.605 DEBG persisted index 1339, raft_id: 1, tag: meta-node-id=1
Aug 22 08:27:30.605 DEBG committing index 1339, index: 1339, raft_id: 1, tag: meta-node-id=1
Aug 22 08:27:30.667 DEBG persisted index 1340, raft_id: 1, tag: meta-node-id=1
Aug 22 08:27:30.667 DEBG committing index 1340, index: 1340, raft_id: 1, tag: meta-node-id=1
Aug 22 08:27:31.268 DEBG persisted index 1341, raft_id: 1, tag: meta-node-id=1
Aug 22 08:27:31.268 DEBG committing index 1341, index: 1341, raft_id: 1, tag: meta-node-id=1
Aug 22 08:27:31.286 DEBG persisted index 1342, raft_id: 1, tag: meta-node-id=1
Aug 22 08:27:31.287 DEBG committing index 1342, index: 1342, raft_id: 1, tag: meta-node-id=1
Aug 22 08:27:31.317 DEBG persisted index 1343, raft_id: 1, tag: meta-node-id=1
Aug 22 08:27:31.317 DEBG committing index 1343, index: 1343, raft_id: 1, tag: meta-node-id=1
Aug 22 08:27:31.320 DEBG persisted index 1344, raft_id: 1, tag: meta-node-id=1
Aug 22 08:27:31.320 DEBG committing index 1344, index: 1344, raft_id: 1, tag: meta-node-id=1
Aug 22 08:27:31.325 DEBG persisted index 1345, raft_id: 1, tag: meta-node-id=1
Aug 22 08:27:31.326 DEBG committing index 1345, index: 1345, raft_id: 1, tag: meta-node-id=1
Aug 22 08:27:31.655 DEBG persisted index 1346, raft_id: 1, tag: meta-node-id=1
Aug 22 08:27:31.655 DEBG committing index 1346, index: 1346, raft_id: 1, tag: meta-node-id=1
Aug 22 08:27:32.240 DEBG persisted index 1347, raft_id: 1, tag: meta-node-id=1
Aug 22 08:27:32.240 DEBG committing index 1347, index: 1347, raft_id: 1, tag: meta-node-id=1
Aug 22 08:27:32.247 DEBG persisted index 1348, raft_id: 1, tag: meta-node-id=1
Aug 22 08:27:32.247 DEBG committing index 1348, index: 1348, raft_id: 1, tag: meta-node-id=1
Aug 22 08:27:32.251 DEBG persisted index 1349, raft_id: 1, tag: meta-node-id=1
Aug 22 08:27:32.251 DEBG committing index 1349, index: 1349, raft_id: 1, tag: meta-node-id=1
Aug 22 08:27:32.256 DEBG persisted index 1350, raft_id: 1, tag: meta-node-id=1
Aug 22 08:27:32.256 DEBG committing index 1350, index: 1350, raft_id: 1, tag: meta-node-id=1
Aug 22 08:27:32.261 DEBG persisted index 1351, raft_id: 1, tag: meta-node-id=1
Aug 22 08:27:32.261 DEBG committing index 1351, index: 1351, raft_id: 1, tag: meta-node-id=1
Aug 22 08:27:32.669 DEBG persisted index 1352, raft_id: 1, tag: meta-node-id=1
Aug 22 08:27:32.669 DEBG committing index 1352, index: 1352, raft_id: 1, tag: meta-node-id=1
Aug 22 08:27:33.248 DEBG persisted index 1353, raft_id: 1, tag: meta-node-id=1
Aug 22 08:27:33.248 DEBG committing index 1353, index: 1353, raft_id: 1, tag: meta-node-id=1
Aug 22 08:27:33.252 DEBG persisted index 1354, raft_id: 1, tag: meta-node-id=1
Aug 22 08:27:33.252 DEBG committing index 1354, index: 1354, raft_id: 1, tag: meta-node-id=1
Aug 22 08:27:33.275 DEBG persisted index 1355, raft_id: 1, tag: meta-node-id=1
Aug 22 08:27:33.275 DEBG committing index 1355, index: 1355, raft_id: 1, tag: meta-node-id=1
Aug 22 08:27:33.280 DEBG persisted index 1356, raft_id: 1, tag: meta-node-id=1
Aug 22 08:27:33.281 DEBG committing index 1356, index: 1356, raft_id: 1, tag: meta-node-id=1
Aug 22 08:27:33.291 DEBG persisted index 1357, raft_id: 1, tag: meta-node-id=1
Aug 22 08:27:33.291 DEBG committing index 1357, index: 1357, raft_id: 1, tag: meta-node-id=1
Aug 22 08:27:33.656 DEBG persisted index 1358, raft_id: 1, tag: meta-node-id=1
Aug 22 08:27:33.656 DEBG committing index 1358, index: 1358, raft_id: 1, tag: meta-node-id=1
Aug 22 08:27:34.274 DEBG persisted index 1359, raft_id: 1, tag: meta-node-id=1
Aug 22 08:27:34.274 DEBG committing index 1359, index: 1359, raft_id: 1, tag: meta-node-id=1
Aug 22 08:27:34.279 DEBG persisted index 1360, raft_id: 1, tag: meta-node-id=1
Aug 22 08:27:34.279 DEBG committing index 1360, index: 1360, raft_id: 1, tag: meta-node-id=1
Aug 22 08:27:34.284 DEBG persisted index 1361, raft_id: 1, tag: meta-node-id=1
Aug 22 08:27:34.285 DEBG committing index 1361, index: 1361, raft_id: 1, tag: meta-node-id=1
Aug 22 08:27:34.289 DEBG persisted index 1362, raft_id: 1, tag: meta-node-id=1
Aug 22 08:27:34.289 DEBG committing index 1362, index: 1362, raft_id: 1, tag: meta-node-id=1
Aug 22 08:27:34.292 DEBG persisted index 1363, raft_id: 1, tag: meta-node-id=1
Aug 22 08:27:34.292 DEBG committing index 1363, index: 1363, raft_id: 1, tag: meta-node-id=1
Aug 22 08:27:34.654 DEBG persisted index 1364, raft_id: 1, tag: meta-node-id=1
Aug 22 08:27:34.654 DEBG committing index 1364, index: 1364, raft_id: 1, tag: meta-node-id=1
Aug 22 08:27:35.271 DEBG persisted index 1365, raft_id: 1, tag: meta-node-id=1
Aug 22 08:27:35.271 DEBG committing index 1365, index: 1365, raft_id: 1, tag: meta-node-id=1
Aug 22 08:27:35.277 DEBG persisted index 1366, raft_id: 1, tag: meta-node-id=1
Aug 22 08:27:35.278 DEBG committing index 1366, index: 1366, raft_id: 1, tag: meta-node-id=1
Aug 22 08:27:35.285 DEBG persisted index 1367, raft_id: 1, tag: meta-node-id=1
Aug 22 08:27:35.287 DEBG committing index 1367, index: 1367, raft_id: 1, tag: meta-node-id=1
Aug 22 08:27:35.291 DEBG persisted index 1368, raft_id: 1, tag: meta-node-id=1
Aug 22 08:27:35.291 DEBG committing index 1368, index: 1368, raft_id: 1, tag: meta-node-id=1
Aug 22 08:27:35.294 DEBG persisted index 1369, raft_id: 1, tag: meta-node-id=1
Aug 22 08:27:35.295 DEBG committing index 1369, index: 1369, raft_id: 1, tag: meta-node-id=1
Aug 22 08:27:35.659 DEBG persisted index 1370, raft_id: 1, tag: meta-node-id=1
Aug 22 08:27:35.659 DEBG committing index 1370, index: 1370, raft_id: 1, tag: meta-node-id=1
Aug 22 08:27:36.290 DEBG persisted index 1371, raft_id: 1, tag: meta-node-id=1
Aug 22 08:27:36.290 DEBG committing index 1371, index: 1371, raft_id: 1, tag: meta-node-id=1
